{"C:\\Users\\andreznik\\Desktop\\FSD слайдер(проект)\\src\\model\\model.ts": {"path":"C:\\Users\\andreznik\\Desktop\\FSD слайдер(проект)\\src\\model\\model.ts","statementMap":{"0":{"start":{"line":18,"column":15},"end":{"line":18,"column":20}},"1":{"start":{"line":20,"column":15},"end":{"line":20,"column":20}},"2":{"start":{"line":22,"column":12},"end":{"line":22,"column":17}},"3":{"start":{"line":24,"column":14},"end":{"line":24,"column":18}},"4":{"start":{"line":26,"column":12},"end":{"line":26,"column":16}},"5":{"start":{"line":28,"column":12},"end":{"line":28,"column":16}},"6":{"start":{"line":30,"column":13},"end":{"line":30,"column":18}},"7":{"start":{"line":32,"column":30},"end":{"line":32,"column":62}},"8":{"start":{"line":34,"column":28},"end":{"line":34,"column":64}},"9":{"start":{"line":36,"column":16},"end":{"line":36,"column":20}},"10":{"start":{"line":38,"column":30},"end":{"line":38,"column":35}},"11":{"start":{"line":40,"column":13},"end":{"line":40,"column":14}},"12":{"start":{"line":42,"column":13},"end":{"line":42,"column":16}},"13":{"start":{"line":44,"column":9},"end":{"line":44,"column":10}},"14":{"start":{"line":46,"column":9},"end":{"line":46,"column":11}},"15":{"start":{"line":48,"column":7},"end":{"line":48,"column":9}},"16":{"start":{"line":50,"column":35},"end":{"line":50,"column":68}},"17":{"start":{"line":52,"column":18},"end":{"line":52,"column":19}},"18":{"start":{"line":54,"column":35},"end":{"line":54,"column":67}},"19":{"start":{"line":56,"column":16},"end":{"line":56,"column":17}},"20":{"start":{"line":58,"column":14},"end":{"line":58,"column":19}},"21":{"start":{"line":60,"column":19},"end":{"line":60,"column":20}},"22":{"start":{"line":62,"column":17},"end":{"line":62,"column":18}},"23":{"start":{"line":64,"column":17},"end":{"line":64,"column":18}},"24":{"start":{"line":66,"column":19},"end":{"line":66,"column":23}},"25":{"start":{"line":68,"column":19},"end":{"line":68,"column":23}},"26":{"start":{"line":70,"column":21},"end":{"line":70,"column":22}},"27":{"start":{"line":72,"column":21},"end":{"line":72,"column":22}},"28":{"start":{"line":74,"column":19},"end":{"line":74,"column":20}},"29":{"start":{"line":76,"column":19},"end":{"line":76,"column":20}},"30":{"start":{"line":78,"column":18},"end":{"line":78,"column":19}},"31":{"start":{"line":80,"column":18},"end":{"line":80,"column":19}},"32":{"start":{"line":82,"column":22},"end":{"line":82,"column":23}},"33":{"start":{"line":84,"column":20},"end":{"line":84,"column":21}},"34":{"start":{"line":86,"column":15},"end":{"line":86,"column":16}},"35":{"start":{"line":88,"column":23},"end":{"line":88,"column":24}},"36":{"start":{"line":90,"column":21},"end":{"line":90,"column":22}},"37":{"start":{"line":92,"column":24},"end":{"line":92,"column":25}},"38":{"start":{"line":94,"column":22},"end":{"line":94,"column":23}},"39":{"start":{"line":96,"column":21},"end":{"line":96,"column":22}},"40":{"start":{"line":98,"column":19},"end":{"line":98,"column":20}},"41":{"start":{"line":100,"column":18},"end":{"line":100,"column":19}},"42":{"start":{"line":102,"column":16},"end":{"line":102,"column":17}},"43":{"start":{"line":104,"column":28},"end":{"line":104,"column":30}},"44":{"start":{"line":106,"column":23},"end":{"line":106,"column":24}},"45":{"start":{"line":108,"column":31},"end":{"line":108,"column":32}},"46":{"start":{"line":110,"column":31},"end":{"line":110,"column":32}},"47":{"start":{"line":113,"column":4},"end":{"line":113,"column":35}},"48":{"start":{"line":115,"column":4},"end":{"line":115,"column":33}},"49":{"start":{"line":116,"column":4},"end":{"line":131,"column":6}},"50":{"start":{"line":133,"column":4},"end":{"line":133,"column":59}},"51":{"start":{"line":135,"column":4},"end":{"line":135,"column":31}},"52":{"start":{"line":138,"column":33},"end":{"line":149,"column":3}},"53":{"start":{"line":139,"column":4},"end":{"line":139,"column":60}},"54":{"start":{"line":140,"column":4},"end":{"line":140,"column":56}},"55":{"start":{"line":141,"column":4},"end":{"line":141,"column":56}},"56":{"start":{"line":142,"column":4},"end":{"line":142,"column":66}},"57":{"start":{"line":143,"column":4},"end":{"line":143,"column":62}},"58":{"start":{"line":144,"column":4},"end":{"line":144,"column":60}},"59":{"start":{"line":145,"column":4},"end":{"line":145,"column":60}},"60":{"start":{"line":146,"column":4},"end":{"line":146,"column":58}},"61":{"start":{"line":147,"column":4},"end":{"line":147,"column":58}},"62":{"start":{"line":148,"column":4},"end":{"line":148,"column":68}},"63":{"start":{"line":151,"column":31},"end":{"line":155,"column":3}},"64":{"start":{"line":152,"column":4},"end":{"line":154,"column":69}},"65":{"start":{"line":157,"column":22},"end":{"line":202,"column":3}},"66":{"start":{"line":158,"column":29},"end":{"line":199,"column":5}},"67":{"start":{"line":201,"column":4},"end":{"line":201,"column":19}},"68":{"start":{"line":204,"column":33},"end":{"line":248,"column":3}},"69":{"start":{"line":205,"column":42},"end":{"line":205,"column":80}},"70":{"start":{"line":206,"column":66},"end":{"line":207,"column":50}},"71":{"start":{"line":208,"column":66},"end":{"line":209,"column":53}},"72":{"start":{"line":211,"column":4},"end":{"line":217,"column":5}},"73":{"start":{"line":212,"column":27},"end":{"line":212,"column":31}},"74":{"start":{"line":213,"column":27},"end":{"line":213,"column":31}},"75":{"start":{"line":215,"column":6},"end":{"line":215,"column":31}},"76":{"start":{"line":216,"column":6},"end":{"line":216,"column":31}},"77":{"start":{"line":219,"column":4},"end":{"line":221,"column":5}},"78":{"start":{"line":220,"column":6},"end":{"line":220,"column":20}},"79":{"start":{"line":223,"column":4},"end":{"line":225,"column":5}},"80":{"start":{"line":224,"column":6},"end":{"line":224,"column":20}},"81":{"start":{"line":227,"column":4},"end":{"line":229,"column":5}},"82":{"start":{"line":228,"column":6},"end":{"line":228,"column":20}},"83":{"start":{"line":231,"column":4},"end":{"line":231,"column":35}},"84":{"start":{"line":233,"column":4},"end":{"line":235,"column":5}},"85":{"start":{"line":234,"column":6},"end":{"line":234,"column":32}},"86":{"start":{"line":237,"column":4},"end":{"line":239,"column":5}},"87":{"start":{"line":238,"column":6},"end":{"line":238,"column":32}},"88":{"start":{"line":241,"column":4},"end":{"line":243,"column":5}},"89":{"start":{"line":242,"column":6},"end":{"line":242,"column":30}},"90":{"start":{"line":245,"column":4},"end":{"line":247,"column":5}},"91":{"start":{"line":246,"column":6},"end":{"line":246,"column":30}},"92":{"start":{"line":250,"column":43},"end":{"line":264,"column":3}},"93":{"start":{"line":251,"column":29},"end":{"line":251,"column":76}},"94":{"start":{"line":252,"column":30},"end":{"line":252,"column":73}},"95":{"start":{"line":253,"column":28},"end":{"line":253,"column":69}},"96":{"start":{"line":255,"column":4},"end":{"line":256,"column":51}},"97":{"start":{"line":257,"column":4},"end":{"line":258,"column":51}},"98":{"start":{"line":260,"column":4},"end":{"line":260,"column":38}},"99":{"start":{"line":261,"column":4},"end":{"line":261,"column":36}},"100":{"start":{"line":262,"column":4},"end":{"line":262,"column":36}},"101":{"start":{"line":263,"column":4},"end":{"line":263,"column":34}},"102":{"start":{"line":266,"column":46},"end":{"line":275,"column":3}},"103":{"start":{"line":267,"column":29},"end":{"line":267,"column":76}},"104":{"start":{"line":268,"column":30},"end":{"line":268,"column":73}},"105":{"start":{"line":270,"column":4},"end":{"line":271,"column":51}},"106":{"start":{"line":273,"column":4},"end":{"line":273,"column":38}},"107":{"start":{"line":274,"column":4},"end":{"line":274,"column":36}},"108":{"start":{"line":277,"column":44},"end":{"line":286,"column":3}},"109":{"start":{"line":278,"column":29},"end":{"line":278,"column":76}},"110":{"start":{"line":279,"column":28},"end":{"line":279,"column":69}},"111":{"start":{"line":281,"column":4},"end":{"line":282,"column":51}},"112":{"start":{"line":284,"column":4},"end":{"line":284,"column":36}},"113":{"start":{"line":285,"column":4},"end":{"line":285,"column":34}},"114":{"start":{"line":288,"column":31},"end":{"line":307,"column":3}},"115":{"start":{"line":289,"column":4},"end":{"line":289,"column":28}},"116":{"start":{"line":291,"column":4},"end":{"line":291,"column":69}},"117":{"start":{"line":291,"column":52},"end":{"line":291,"column":69}},"118":{"start":{"line":293,"column":18},"end":{"line":293,"column":19}},"119":{"start":{"line":294,"column":18},"end":{"line":294,"column":19}},"120":{"start":{"line":296,"column":4},"end":{"line":298,"column":5}},"121":{"start":{"line":297,"column":6},"end":{"line":297,"column":76}},"122":{"start":{"line":300,"column":4},"end":{"line":302,"column":5}},"123":{"start":{"line":301,"column":6},"end":{"line":301,"column":76}},"124":{"start":{"line":304,"column":31},"end":{"line":304,"column":66}},"125":{"start":{"line":306,"column":4},"end":{"line":306,"column":22}},"126":{"start":{"line":309,"column":50},"end":{"line":344,"column":3}},"127":{"start":{"line":313,"column":4},"end":{"line":313,"column":27}},"128":{"start":{"line":315,"column":4},"end":{"line":315,"column":59}},"129":{"start":{"line":315,"column":52},"end":{"line":315,"column":59}},"130":{"start":{"line":317,"column":17},"end":{"line":317,"column":18}},"131":{"start":{"line":318,"column":17},"end":{"line":318,"column":18}},"132":{"start":{"line":320,"column":4},"end":{"line":322,"column":5}},"133":{"start":{"line":321,"column":6},"end":{"line":321,"column":27}},"134":{"start":{"line":324,"column":4},"end":{"line":326,"column":5}},"135":{"start":{"line":325,"column":6},"end":{"line":325,"column":27}},"136":{"start":{"line":328,"column":30},"end":{"line":328,"column":63}},"137":{"start":{"line":330,"column":4},"end":{"line":336,"column":5}},"138":{"start":{"line":331,"column":6},"end":{"line":331,"column":61}},"139":{"start":{"line":333,"column":6},"end":{"line":333,"column":77}},"140":{"start":{"line":334,"column":6},"end":{"line":334,"column":37}},"141":{"start":{"line":335,"column":6},"end":{"line":335,"column":38}},"142":{"start":{"line":338,"column":4},"end":{"line":338,"column":38}},"143":{"start":{"line":339,"column":4},"end":{"line":339,"column":34}},"144":{"start":{"line":340,"column":4},"end":{"line":340,"column":32}},"145":{"start":{"line":341,"column":4},"end":{"line":341,"column":38}},"146":{"start":{"line":343,"column":4},"end":{"line":343,"column":53}},"147":{"start":{"line":346,"column":51},"end":{"line":361,"column":3}},"148":{"start":{"line":347,"column":4},"end":{"line":347,"column":32}},"149":{"start":{"line":347,"column":25},"end":{"line":347,"column":32}},"150":{"start":{"line":349,"column":43},"end":{"line":350,"column":77}},"151":{"start":{"line":351,"column":44},"end":{"line":352,"column":77}},"152":{"start":{"line":354,"column":4},"end":{"line":360,"column":5}},"153":{"start":{"line":355,"column":6},"end":{"line":355,"column":49}},"154":{"start":{"line":356,"column":6},"end":{"line":356,"column":52}},"155":{"start":{"line":357,"column":11},"end":{"line":360,"column":5}},"156":{"start":{"line":358,"column":6},"end":{"line":358,"column":49}},"157":{"start":{"line":359,"column":6},"end":{"line":359,"column":53}},"158":{"start":{"line":363,"column":56},"end":{"line":424,"column":3}},"159":{"start":{"line":364,"column":4},"end":{"line":364,"column":59}},"160":{"start":{"line":364,"column":52},"end":{"line":364,"column":59}},"161":{"start":{"line":366,"column":17},"end":{"line":366,"column":18}},"162":{"start":{"line":367,"column":17},"end":{"line":367,"column":18}},"163":{"start":{"line":369,"column":4},"end":{"line":371,"column":5}},"164":{"start":{"line":370,"column":6},"end":{"line":370,"column":27}},"165":{"start":{"line":373,"column":4},"end":{"line":375,"column":5}},"166":{"start":{"line":374,"column":6},"end":{"line":374,"column":27}},"167":{"start":{"line":377,"column":30},"end":{"line":377,"column":63}},"168":{"start":{"line":379,"column":47},"end":{"line":380,"column":45}},"169":{"start":{"line":381,"column":40},"end":{"line":381,"column":96}},"170":{"start":{"line":383,"column":4},"end":{"line":384,"column":59}},"171":{"start":{"line":386,"column":58},"end":{"line":389,"column":81}},"172":{"start":{"line":390,"column":61},"end":{"line":391,"column":51}},"173":{"start":{"line":393,"column":46},"end":{"line":394,"column":86}},"174":{"start":{"line":395,"column":47},"end":{"line":396,"column":31}},"175":{"start":{"line":397,"column":42},"end":{"line":397,"column":95}},"176":{"start":{"line":399,"column":4},"end":{"line":416,"column":5}},"177":{"start":{"line":400,"column":6},"end":{"line":412,"column":7}},"178":{"start":{"line":401,"column":8},"end":{"line":401,"column":59}},"179":{"start":{"line":403,"column":8},"end":{"line":403,"column":75}},"180":{"start":{"line":405,"column":8},"end":{"line":405,"column":84}},"181":{"start":{"line":406,"column":8},"end":{"line":406,"column":72}},"182":{"start":{"line":407,"column":13},"end":{"line":412,"column":7}},"183":{"start":{"line":408,"column":8},"end":{"line":408,"column":75}},"184":{"start":{"line":410,"column":8},"end":{"line":410,"column":85}},"185":{"start":{"line":411,"column":8},"end":{"line":411,"column":72}},"186":{"start":{"line":413,"column":11},"end":{"line":416,"column":5}},"187":{"start":{"line":414,"column":6},"end":{"line":414,"column":88}},"188":{"start":{"line":415,"column":6},"end":{"line":415,"column":37}},"189":{"start":{"line":418,"column":4},"end":{"line":418,"column":38}},"190":{"start":{"line":419,"column":4},"end":{"line":419,"column":34}},"191":{"start":{"line":420,"column":4},"end":{"line":420,"column":32}},"192":{"start":{"line":421,"column":4},"end":{"line":421,"column":38}},"193":{"start":{"line":423,"column":4},"end":{"line":423,"column":53}},"194":{"start":{"line":426,"column":56},"end":{"line":434,"column":3}},"195":{"start":{"line":427,"column":46},"end":{"line":428,"column":97}},"196":{"start":{"line":430,"column":4},"end":{"line":433,"column":5}},"197":{"start":{"line":431,"column":6},"end":{"line":431,"column":54}},"198":{"start":{"line":432,"column":6},"end":{"line":432,"column":61}},"199":{"start":{"line":436,"column":60},"end":{"line":445,"column":3}},"200":{"start":{"line":437,"column":4},"end":{"line":437,"column":32}},"201":{"start":{"line":437,"column":25},"end":{"line":437,"column":32}},"202":{"start":{"line":439,"column":40},"end":{"line":439,"column":92}},"203":{"start":{"line":441,"column":4},"end":{"line":444,"column":5}},"204":{"start":{"line":442,"column":6},"end":{"line":442,"column":58}},"205":{"start":{"line":443,"column":6},"end":{"line":443,"column":42}},"206":{"start":{"line":447,"column":60},"end":{"line":458,"column":3}},"207":{"start":{"line":448,"column":4},"end":{"line":448,"column":32}},"208":{"start":{"line":448,"column":25},"end":{"line":448,"column":32}},"209":{"start":{"line":450,"column":55},"end":{"line":452,"column":23}},"210":{"start":{"line":454,"column":4},"end":{"line":457,"column":5}},"211":{"start":{"line":455,"column":6},"end":{"line":455,"column":74}},"212":{"start":{"line":456,"column":6},"end":{"line":456,"column":55}},"213":{"start":{"line":460,"column":58},"end":{"line":473,"column":3}},"214":{"start":{"line":461,"column":4},"end":{"line":461,"column":28}},"215":{"start":{"line":463,"column":4},"end":{"line":463,"column":59}},"216":{"start":{"line":463,"column":52},"end":{"line":463,"column":59}},"217":{"start":{"line":465,"column":4},"end":{"line":465,"column":56}},"218":{"start":{"line":467,"column":4},"end":{"line":467,"column":34}},"219":{"start":{"line":468,"column":4},"end":{"line":468,"column":32}},"220":{"start":{"line":469,"column":4},"end":{"line":469,"column":38}},"221":{"start":{"line":470,"column":4},"end":{"line":470,"column":40}},"222":{"start":{"line":472,"column":4},"end":{"line":472,"column":53}},"223":{"start":{"line":475,"column":58},"end":{"line":491,"column":3}},"224":{"start":{"line":476,"column":4},"end":{"line":476,"column":28}},"225":{"start":{"line":478,"column":52},"end":{"line":479,"column":22}},"226":{"start":{"line":481,"column":4},"end":{"line":481,"column":47}},"227":{"start":{"line":481,"column":40},"end":{"line":481,"column":47}},"228":{"start":{"line":483,"column":4},"end":{"line":483,"column":72}},"229":{"start":{"line":485,"column":4},"end":{"line":485,"column":34}},"230":{"start":{"line":486,"column":4},"end":{"line":486,"column":32}},"231":{"start":{"line":487,"column":4},"end":{"line":487,"column":38}},"232":{"start":{"line":488,"column":4},"end":{"line":488,"column":53}},"233":{"start":{"line":490,"column":4},"end":{"line":490,"column":53}},"234":{"start":{"line":493,"column":51},"end":{"line":519,"column":3}},"235":{"start":{"line":494,"column":40},"end":{"line":494,"column":77}},"236":{"start":{"line":495,"column":38},"end":{"line":495,"column":75}},"237":{"start":{"line":496,"column":31},"end":{"line":496,"column":72}},"238":{"start":{"line":498,"column":46},"end":{"line":498,"column":97}},"239":{"start":{"line":500,"column":4},"end":{"line":500,"column":41}},"240":{"start":{"line":500,"column":34},"end":{"line":500,"column":41}},"241":{"start":{"line":502,"column":35},"end":{"line":502,"column":71}},"242":{"start":{"line":504,"column":4},"end":{"line":510,"column":5}},"243":{"start":{"line":505,"column":6},"end":{"line":505,"column":48}},"244":{"start":{"line":506,"column":6},"end":{"line":506,"column":72}},"245":{"start":{"line":506,"column":26},"end":{"line":506,"column":72}},"246":{"start":{"line":507,"column":11},"end":{"line":510,"column":5}},"247":{"start":{"line":508,"column":6},"end":{"line":508,"column":48}},"248":{"start":{"line":509,"column":6},"end":{"line":509,"column":73}},"249":{"start":{"line":509,"column":26},"end":{"line":509,"column":73}},"250":{"start":{"line":512,"column":4},"end":{"line":512,"column":38}},"251":{"start":{"line":513,"column":4},"end":{"line":513,"column":34}},"252":{"start":{"line":514,"column":4},"end":{"line":514,"column":32}},"253":{"start":{"line":515,"column":4},"end":{"line":515,"column":38}},"254":{"start":{"line":516,"column":4},"end":{"line":516,"column":56}},"255":{"start":{"line":516,"column":25},"end":{"line":516,"column":56}},"256":{"start":{"line":518,"column":4},"end":{"line":518,"column":53}},"257":{"start":{"line":521,"column":39},"end":{"line":537,"column":3}},"258":{"start":{"line":522,"column":57},"end":{"line":523,"column":33}},"259":{"start":{"line":524,"column":57},"end":{"line":525,"column":49}},"260":{"start":{"line":526,"column":66},"end":{"line":527,"column":56}},"261":{"start":{"line":529,"column":4},"end":{"line":533,"column":5}},"262":{"start":{"line":530,"column":6},"end":{"line":530,"column":58}},"263":{"start":{"line":531,"column":11},"end":{"line":533,"column":5}},"264":{"start":{"line":532,"column":6},"end":{"line":532,"column":74}},"265":{"start":{"line":534,"column":4},"end":{"line":536,"column":5}},"266":{"start":{"line":535,"column":6},"end":{"line":535,"column":54}},"267":{"start":{"line":539,"column":31},"end":{"line":561,"column":3}},"268":{"start":{"line":540,"column":4},"end":{"line":540,"column":28}},"269":{"start":{"line":542,"column":56},"end":{"line":543,"column":25}},"270":{"start":{"line":545,"column":4},"end":{"line":545,"column":61}},"271":{"start":{"line":545,"column":44},"end":{"line":545,"column":61}},"272":{"start":{"line":547,"column":18},"end":{"line":547,"column":19}},"273":{"start":{"line":548,"column":18},"end":{"line":548,"column":19}},"274":{"start":{"line":550,"column":4},"end":{"line":552,"column":5}},"275":{"start":{"line":551,"column":6},"end":{"line":551,"column":74}},"276":{"start":{"line":554,"column":4},"end":{"line":556,"column":5}},"277":{"start":{"line":555,"column":6},"end":{"line":555,"column":74}},"278":{"start":{"line":558,"column":31},"end":{"line":558,"column":66}},"279":{"start":{"line":560,"column":4},"end":{"line":560,"column":22}},"280":{"start":{"line":563,"column":48},"end":{"line":601,"column":3}},"281":{"start":{"line":567,"column":4},"end":{"line":567,"column":27}},"282":{"start":{"line":569,"column":56},"end":{"line":570,"column":25}},"283":{"start":{"line":572,"column":4},"end":{"line":572,"column":51}},"284":{"start":{"line":572,"column":44},"end":{"line":572,"column":51}},"285":{"start":{"line":574,"column":17},"end":{"line":574,"column":18}},"286":{"start":{"line":575,"column":17},"end":{"line":575,"column":18}},"287":{"start":{"line":577,"column":4},"end":{"line":579,"column":5}},"288":{"start":{"line":578,"column":6},"end":{"line":578,"column":27}},"289":{"start":{"line":581,"column":4},"end":{"line":583,"column":5}},"290":{"start":{"line":582,"column":6},"end":{"line":582,"column":27}},"291":{"start":{"line":585,"column":30},"end":{"line":585,"column":63}},"292":{"start":{"line":587,"column":4},"end":{"line":593,"column":5}},"293":{"start":{"line":588,"column":6},"end":{"line":588,"column":59}},"294":{"start":{"line":590,"column":6},"end":{"line":590,"column":75}},"295":{"start":{"line":591,"column":6},"end":{"line":591,"column":37}},"296":{"start":{"line":592,"column":6},"end":{"line":592,"column":36}},"297":{"start":{"line":595,"column":4},"end":{"line":595,"column":36}},"298":{"start":{"line":596,"column":4},"end":{"line":596,"column":34}},"299":{"start":{"line":597,"column":4},"end":{"line":597,"column":32}},"300":{"start":{"line":598,"column":4},"end":{"line":598,"column":38}},"301":{"start":{"line":600,"column":4},"end":{"line":600,"column":53}},"302":{"start":{"line":603,"column":49},"end":{"line":620,"column":3}},"303":{"start":{"line":604,"column":39},"end":{"line":604,"column":72}},"304":{"start":{"line":606,"column":4},"end":{"line":606,"column":35}},"305":{"start":{"line":606,"column":28},"end":{"line":606,"column":35}},"306":{"start":{"line":608,"column":43},"end":{"line":609,"column":75}},"307":{"start":{"line":610,"column":44},"end":{"line":611,"column":75}},"308":{"start":{"line":613,"column":4},"end":{"line":619,"column":5}},"309":{"start":{"line":614,"column":6},"end":{"line":614,"column":47}},"310":{"start":{"line":615,"column":6},"end":{"line":615,"column":50}},"311":{"start":{"line":616,"column":11},"end":{"line":619,"column":5}},"312":{"start":{"line":617,"column":6},"end":{"line":617,"column":47}},"313":{"start":{"line":618,"column":6},"end":{"line":618,"column":51}},"314":{"start":{"line":622,"column":54},"end":{"line":678,"column":3}},"315":{"start":{"line":623,"column":56},"end":{"line":624,"column":25}},"316":{"start":{"line":626,"column":4},"end":{"line":626,"column":51}},"317":{"start":{"line":626,"column":44},"end":{"line":626,"column":51}},"318":{"start":{"line":628,"column":17},"end":{"line":628,"column":18}},"319":{"start":{"line":629,"column":17},"end":{"line":629,"column":18}},"320":{"start":{"line":631,"column":4},"end":{"line":633,"column":5}},"321":{"start":{"line":632,"column":6},"end":{"line":632,"column":27}},"322":{"start":{"line":635,"column":4},"end":{"line":637,"column":5}},"323":{"start":{"line":636,"column":6},"end":{"line":636,"column":27}},"324":{"start":{"line":639,"column":30},"end":{"line":639,"column":63}},"325":{"start":{"line":640,"column":45},"end":{"line":641,"column":45}},"326":{"start":{"line":642,"column":38},"end":{"line":642,"column":92}},"327":{"start":{"line":644,"column":4},"end":{"line":644,"column":95}},"328":{"start":{"line":646,"column":44},"end":{"line":647,"column":49}},"329":{"start":{"line":648,"column":45},"end":{"line":651,"column":81}},"330":{"start":{"line":652,"column":40},"end":{"line":652,"column":89}},"331":{"start":{"line":654,"column":4},"end":{"line":670,"column":5}},"332":{"start":{"line":655,"column":6},"end":{"line":666,"column":7}},"333":{"start":{"line":656,"column":8},"end":{"line":656,"column":71}},"334":{"start":{"line":658,"column":8},"end":{"line":658,"column":80}},"335":{"start":{"line":659,"column":8},"end":{"line":659,"column":70}},"336":{"start":{"line":660,"column":13},"end":{"line":666,"column":7}},"337":{"start":{"line":661,"column":8},"end":{"line":661,"column":59}},"338":{"start":{"line":663,"column":8},"end":{"line":663,"column":71}},"339":{"start":{"line":665,"column":8},"end":{"line":665,"column":81}},"340":{"start":{"line":667,"column":11},"end":{"line":670,"column":5}},"341":{"start":{"line":668,"column":6},"end":{"line":668,"column":86}},"342":{"start":{"line":669,"column":6},"end":{"line":669,"column":37}},"343":{"start":{"line":672,"column":4},"end":{"line":672,"column":36}},"344":{"start":{"line":673,"column":4},"end":{"line":673,"column":34}},"345":{"start":{"line":674,"column":4},"end":{"line":674,"column":32}},"346":{"start":{"line":675,"column":4},"end":{"line":675,"column":38}},"347":{"start":{"line":677,"column":4},"end":{"line":677,"column":53}},"348":{"start":{"line":680,"column":56},"end":{"line":689,"column":3}},"349":{"start":{"line":681,"column":46},"end":{"line":683,"column":36}},"350":{"start":{"line":685,"column":4},"end":{"line":688,"column":5}},"351":{"start":{"line":686,"column":6},"end":{"line":686,"column":54}},"352":{"start":{"line":687,"column":6},"end":{"line":687,"column":40}},"353":{"start":{"line":691,"column":58},"end":{"line":703,"column":3}},"354":{"start":{"line":692,"column":39},"end":{"line":692,"column":72}},"355":{"start":{"line":694,"column":4},"end":{"line":694,"column":35}},"356":{"start":{"line":694,"column":28},"end":{"line":694,"column":35}},"357":{"start":{"line":696,"column":40},"end":{"line":697,"column":27}},"358":{"start":{"line":699,"column":4},"end":{"line":702,"column":5}},"359":{"start":{"line":700,"column":6},"end":{"line":700,"column":72}},"360":{"start":{"line":701,"column":6},"end":{"line":701,"column":40}},"361":{"start":{"line":705,"column":56},"end":{"line":718,"column":3}},"362":{"start":{"line":706,"column":4},"end":{"line":706,"column":28}},"363":{"start":{"line":708,"column":4},"end":{"line":708,"column":33}},"364":{"start":{"line":708,"column":26},"end":{"line":708,"column":33}},"365":{"start":{"line":710,"column":4},"end":{"line":710,"column":70}},"366":{"start":{"line":712,"column":4},"end":{"line":712,"column":34}},"367":{"start":{"line":713,"column":4},"end":{"line":713,"column":32}},"368":{"start":{"line":714,"column":4},"end":{"line":714,"column":38}},"369":{"start":{"line":715,"column":4},"end":{"line":715,"column":38}},"370":{"start":{"line":717,"column":4},"end":{"line":717,"column":53}},"371":{"start":{"line":720,"column":49},"end":{"line":749,"column":3}},"372":{"start":{"line":721,"column":43},"end":{"line":721,"column":75}},"373":{"start":{"line":723,"column":40},"end":{"line":723,"column":77}},"374":{"start":{"line":724,"column":38},"end":{"line":724,"column":75}},"375":{"start":{"line":725,"column":31},"end":{"line":725,"column":72}},"376":{"start":{"line":727,"column":46},"end":{"line":728,"column":42}},"377":{"start":{"line":730,"column":4},"end":{"line":730,"column":41}},"378":{"start":{"line":730,"column":34},"end":{"line":730,"column":41}},"379":{"start":{"line":732,"column":35},"end":{"line":732,"column":71}},"380":{"start":{"line":734,"column":4},"end":{"line":740,"column":5}},"381":{"start":{"line":735,"column":6},"end":{"line":735,"column":46}},"382":{"start":{"line":736,"column":6},"end":{"line":736,"column":70}},"383":{"start":{"line":736,"column":26},"end":{"line":736,"column":70}},"384":{"start":{"line":737,"column":11},"end":{"line":740,"column":5}},"385":{"start":{"line":738,"column":6},"end":{"line":738,"column":46}},"386":{"start":{"line":739,"column":6},"end":{"line":739,"column":71}},"387":{"start":{"line":739,"column":26},"end":{"line":739,"column":71}},"388":{"start":{"line":742,"column":4},"end":{"line":742,"column":36}},"389":{"start":{"line":743,"column":4},"end":{"line":743,"column":34}},"390":{"start":{"line":744,"column":4},"end":{"line":744,"column":32}},"391":{"start":{"line":745,"column":4},"end":{"line":745,"column":38}},"392":{"start":{"line":746,"column":4},"end":{"line":746,"column":56}},"393":{"start":{"line":746,"column":25},"end":{"line":746,"column":56}},"394":{"start":{"line":748,"column":4},"end":{"line":748,"column":53}},"395":{"start":{"line":751,"column":37},"end":{"line":762,"column":3}},"396":{"start":{"line":752,"column":66},"end":{"line":753,"column":31}},"397":{"start":{"line":754,"column":55},"end":{"line":755,"column":49}},"398":{"start":{"line":757,"column":4},"end":{"line":761,"column":5}},"399":{"start":{"line":758,"column":6},"end":{"line":758,"column":54}},"400":{"start":{"line":759,"column":11},"end":{"line":761,"column":5}},"401":{"start":{"line":760,"column":6},"end":{"line":760,"column":72}},"402":{"start":{"line":764,"column":51},"end":{"line":827,"column":3}},"403":{"start":{"line":773,"column":4},"end":{"line":773,"column":28}},"404":{"start":{"line":775,"column":54},"end":{"line":776,"column":43}},"405":{"start":{"line":778,"column":4},"end":{"line":778,"column":49}},"406":{"start":{"line":778,"column":42},"end":{"line":778,"column":49}},"407":{"start":{"line":780,"column":17},"end":{"line":780,"column":18}},"408":{"start":{"line":781,"column":17},"end":{"line":781,"column":18}},"409":{"start":{"line":783,"column":4},"end":{"line":785,"column":5}},"410":{"start":{"line":784,"column":6},"end":{"line":784,"column":27}},"411":{"start":{"line":787,"column":4},"end":{"line":789,"column":5}},"412":{"start":{"line":788,"column":6},"end":{"line":788,"column":27}},"413":{"start":{"line":791,"column":30},"end":{"line":791,"column":63}},"414":{"start":{"line":793,"column":58},"end":{"line":796,"column":61}},"415":{"start":{"line":797,"column":61},"end":{"line":798,"column":51}},"416":{"start":{"line":800,"column":46},"end":{"line":801,"column":86}},"417":{"start":{"line":802,"column":47},"end":{"line":803,"column":31}},"418":{"start":{"line":804,"column":44},"end":{"line":805,"column":49}},"419":{"start":{"line":806,"column":45},"end":{"line":808,"column":61}},"420":{"start":{"line":809,"column":42},"end":{"line":809,"column":95}},"421":{"start":{"line":810,"column":40},"end":{"line":810,"column":89}},"422":{"start":{"line":812,"column":4},"end":{"line":820,"column":5}},"423":{"start":{"line":813,"column":6},"end":{"line":814,"column":36}},"424":{"start":{"line":815,"column":6},"end":{"line":815,"column":97}},"425":{"start":{"line":816,"column":11},"end":{"line":820,"column":5}},"426":{"start":{"line":817,"column":6},"end":{"line":818,"column":36}},"427":{"start":{"line":819,"column":6},"end":{"line":819,"column":95}},"428":{"start":{"line":822,"column":4},"end":{"line":822,"column":34}},"429":{"start":{"line":823,"column":4},"end":{"line":823,"column":32}},"430":{"start":{"line":824,"column":4},"end":{"line":824,"column":38}},"431":{"start":{"line":826,"column":4},"end":{"line":826,"column":53}},"432":{"start":{"line":829,"column":34},"end":{"line":837,"column":3}},"433":{"start":{"line":830,"column":29},"end":{"line":830,"column":77}},"434":{"start":{"line":832,"column":4},"end":{"line":836,"column":5}},"435":{"start":{"line":833,"column":6},"end":{"line":833,"column":56}},"436":{"start":{"line":835,"column":6},"end":{"line":835,"column":71}},"437":{"start":{"line":839,"column":32},"end":{"line":858,"column":3}},"438":{"start":{"line":840,"column":4},"end":{"line":840,"column":45}},"439":{"start":{"line":841,"column":4},"end":{"line":841,"column":45}},"440":{"start":{"line":842,"column":4},"end":{"line":842,"column":39}},"441":{"start":{"line":843,"column":4},"end":{"line":843,"column":43}},"442":{"start":{"line":844,"column":4},"end":{"line":844,"column":47}},"443":{"start":{"line":845,"column":4},"end":{"line":845,"column":39}},"444":{"start":{"line":846,"column":4},"end":{"line":846,"column":39}},"445":{"start":{"line":847,"column":4},"end":{"line":847,"column":41}},"446":{"start":{"line":848,"column":4},"end":{"line":848,"column":62}},"447":{"start":{"line":849,"column":4},"end":{"line":849,"column":64}},"448":{"start":{"line":850,"column":4},"end":{"line":850,"column":41}},"449":{"start":{"line":851,"column":4},"end":{"line":851,"column":41}},"450":{"start":{"line":852,"column":4},"end":{"line":852,"column":33}},"451":{"start":{"line":853,"column":4},"end":{"line":853,"column":33}},"452":{"start":{"line":854,"column":4},"end":{"line":854,"column":29}},"453":{"start":{"line":855,"column":4},"end":{"line":855,"column":68}},"454":{"start":{"line":856,"column":4},"end":{"line":856,"column":47}},"455":{"start":{"line":857,"column":4},"end":{"line":857,"column":67}},"456":{"start":{"line":860,"column":43},"end":{"line":872,"column":3}},"457":{"start":{"line":861,"column":49},"end":{"line":861,"column":78}},"458":{"start":{"line":862,"column":49},"end":{"line":862,"column":78}},"459":{"start":{"line":864,"column":36},"end":{"line":864,"column":65}},"460":{"start":{"line":865,"column":36},"end":{"line":865,"column":65}},"461":{"start":{"line":867,"column":4},"end":{"line":867,"column":64}},"462":{"start":{"line":867,"column":41},"end":{"line":867,"column":64}},"463":{"start":{"line":868,"column":4},"end":{"line":868,"column":64}},"464":{"start":{"line":868,"column":41},"end":{"line":868,"column":64}},"465":{"start":{"line":870,"column":4},"end":{"line":871,"column":60}},"466":{"start":{"line":874,"column":34},"end":{"line":880,"column":3}},"467":{"start":{"line":875,"column":4},"end":{"line":875,"column":27}},"468":{"start":{"line":877,"column":4},"end":{"line":877,"column":33}},"469":{"start":{"line":877,"column":26},"end":{"line":877,"column":33}},"470":{"start":{"line":879,"column":4},"end":{"line":879,"column":73}},"471":{"start":{"line":882,"column":32},"end":{"line":888,"column":3}},"472":{"start":{"line":883,"column":4},"end":{"line":883,"column":71}},"473":{"start":{"line":885,"column":4},"end":{"line":885,"column":33}},"474":{"start":{"line":885,"column":26},"end":{"line":885,"column":33}},"475":{"start":{"line":887,"column":4},"end":{"line":887,"column":71}},"476":{"start":{"line":890,"column":38},"end":{"line":901,"column":3}},"477":{"start":{"line":891,"column":4},"end":{"line":892,"column":39}},"478":{"start":{"line":894,"column":4},"end":{"line":897,"column":5}},"479":{"start":{"line":895,"column":6},"end":{"line":896,"column":39}},"480":{"start":{"line":899,"column":4},"end":{"line":899,"column":28}},"481":{"start":{"line":900,"column":4},"end":{"line":900,"column":54}},"482":{"start":{"line":903,"column":42},"end":{"line":906,"column":3}},"483":{"start":{"line":904,"column":4},"end":{"line":904,"column":38}},"484":{"start":{"line":905,"column":4},"end":{"line":905,"column":34}},"485":{"start":{"line":908,"column":36},"end":{"line":922,"column":3}},"486":{"start":{"line":909,"column":4},"end":{"line":910,"column":98}},"487":{"start":{"line":911,"column":4},"end":{"line":911,"column":38}},"488":{"start":{"line":913,"column":4},"end":{"line":913,"column":36}},"489":{"start":{"line":915,"column":4},"end":{"line":915,"column":33}},"490":{"start":{"line":915,"column":26},"end":{"line":915,"column":33}},"491":{"start":{"line":917,"column":4},"end":{"line":918,"column":99}},"492":{"start":{"line":919,"column":4},"end":{"line":919,"column":34}},"493":{"start":{"line":921,"column":4},"end":{"line":921,"column":34}},"494":{"start":{"line":924,"column":54},"end":{"line":927,"column":3}},"495":{"start":{"line":925,"column":4},"end":{"line":925,"column":22}},"496":{"start":{"line":926,"column":4},"end":{"line":926,"column":38}},"497":{"start":{"line":929,"column":52},"end":{"line":932,"column":3}},"498":{"start":{"line":930,"column":4},"end":{"line":930,"column":20}},"499":{"start":{"line":931,"column":4},"end":{"line":931,"column":34}},"500":{"start":{"line":934,"column":60},"end":{"line":938,"column":3}},"501":{"start":{"line":935,"column":4},"end":{"line":936,"column":62}},"502":{"start":{"line":937,"column":4},"end":{"line":937,"column":38}},"503":{"start":{"line":940,"column":61},"end":{"line":944,"column":3}},"504":{"start":{"line":941,"column":4},"end":{"line":942,"column":62}},"505":{"start":{"line":943,"column":4},"end":{"line":943,"column":38}},"506":{"start":{"line":946,"column":58},"end":{"line":950,"column":3}},"507":{"start":{"line":947,"column":4},"end":{"line":948,"column":62}},"508":{"start":{"line":949,"column":4},"end":{"line":949,"column":34}},"509":{"start":{"line":952,"column":59},"end":{"line":956,"column":3}},"510":{"start":{"line":953,"column":4},"end":{"line":954,"column":62}},"511":{"start":{"line":955,"column":4},"end":{"line":955,"column":34}},"512":{"start":{"line":958,"column":51},"end":{"line":963,"column":3}},"513":{"start":{"line":959,"column":4},"end":{"line":959,"column":93}},"514":{"start":{"line":960,"column":4},"end":{"line":960,"column":38}},"515":{"start":{"line":962,"column":4},"end":{"line":962,"column":36}},"516":{"start":{"line":965,"column":52},"end":{"line":970,"column":3}},"517":{"start":{"line":966,"column":4},"end":{"line":966,"column":93}},"518":{"start":{"line":967,"column":4},"end":{"line":967,"column":38}},"519":{"start":{"line":969,"column":4},"end":{"line":969,"column":36}},"520":{"start":{"line":972,"column":49},"end":{"line":977,"column":3}},"521":{"start":{"line":973,"column":4},"end":{"line":973,"column":89}},"522":{"start":{"line":974,"column":4},"end":{"line":974,"column":34}},"523":{"start":{"line":976,"column":4},"end":{"line":976,"column":34}},"524":{"start":{"line":979,"column":50},"end":{"line":984,"column":3}},"525":{"start":{"line":980,"column":4},"end":{"line":980,"column":89}},"526":{"start":{"line":981,"column":4},"end":{"line":981,"column":34}},"527":{"start":{"line":983,"column":4},"end":{"line":983,"column":34}},"528":{"start":{"line":986,"column":41},"end":{"line":989,"column":3}},"529":{"start":{"line":987,"column":4},"end":{"line":987,"column":30}},"530":{"start":{"line":988,"column":4},"end":{"line":988,"column":38}},"531":{"start":{"line":991,"column":41},"end":{"line":994,"column":3}},"532":{"start":{"line":992,"column":4},"end":{"line":992,"column":22}},"533":{"start":{"line":993,"column":4},"end":{"line":993,"column":38}},"534":{"start":{"line":996,"column":37},"end":{"line":1010,"column":3}},"535":{"start":{"line":997,"column":43},"end":{"line":997,"column":68}},"536":{"start":{"line":998,"column":49},"end":{"line":998,"column":87}},"537":{"start":{"line":999,"column":43},"end":{"line":999,"column":68}},"538":{"start":{"line":1001,"column":4},"end":{"line":1007,"column":5}},"539":{"start":{"line":1002,"column":6},"end":{"line":1002,"column":32}},"540":{"start":{"line":1003,"column":11},"end":{"line":1007,"column":5}},"541":{"start":{"line":1004,"column":6},"end":{"line":1004,"column":26}},"542":{"start":{"line":1005,"column":11},"end":{"line":1007,"column":5}},"543":{"start":{"line":1006,"column":6},"end":{"line":1006,"column":32}},"544":{"start":{"line":1009,"column":4},"end":{"line":1009,"column":38}},"545":{"start":{"line":1012,"column":39},"end":{"line":1016,"column":3}},"546":{"start":{"line":1013,"column":4},"end":{"line":1013,"column":24}},"547":{"start":{"line":1015,"column":4},"end":{"line":1015,"column":34}},"548":{"start":{"line":1018,"column":39},"end":{"line":1022,"column":3}},"549":{"start":{"line":1019,"column":4},"end":{"line":1019,"column":28}},"550":{"start":{"line":1021,"column":4},"end":{"line":1021,"column":34}},"551":{"start":{"line":1024,"column":35},"end":{"line":1035,"column":3}},"552":{"start":{"line":1025,"column":38},"end":{"line":1025,"column":57}},"553":{"start":{"line":1026,"column":41},"end":{"line":1026,"column":64}},"554":{"start":{"line":1028,"column":4},"end":{"line":1032,"column":5}},"555":{"start":{"line":1029,"column":6},"end":{"line":1029,"column":26}},"556":{"start":{"line":1030,"column":11},"end":{"line":1032,"column":5}},"557":{"start":{"line":1031,"column":6},"end":{"line":1031,"column":30}},"558":{"start":{"line":1034,"column":4},"end":{"line":1034,"column":34}},"559":{"start":{"line":1037,"column":29},"end":{"line":1046,"column":3}},"560":{"start":{"line":1038,"column":38},"end":{"line":1039,"column":30}},"561":{"start":{"line":1040,"column":52},"end":{"line":1040,"column":89}},"562":{"start":{"line":1042,"column":4},"end":{"line":1042,"column":47}},"563":{"start":{"line":1042,"column":40},"end":{"line":1042,"column":47}},"564":{"start":{"line":1044,"column":4},"end":{"line":1044,"column":80}},"565":{"start":{"line":1045,"column":4},"end":{"line":1045,"column":71}},"566":{"start":{"line":1048,"column":39},"end":{"line":1051,"column":3}},"567":{"start":{"line":1049,"column":4},"end":{"line":1049,"column":30}},"568":{"start":{"line":1050,"column":4},"end":{"line":1050,"column":68}},"569":{"start":{"line":1053,"column":55},"end":{"line":1073,"column":3}},"570":{"start":{"line":1054,"column":4},"end":{"line":1054,"column":31}},"571":{"start":{"line":1055,"column":4},"end":{"line":1055,"column":31}},"572":{"start":{"line":1057,"column":50},"end":{"line":1058,"column":51}},"573":{"start":{"line":1059,"column":50},"end":{"line":1060,"column":29}},"574":{"start":{"line":1061,"column":48},"end":{"line":1062,"column":78}},"575":{"start":{"line":1064,"column":4},"end":{"line":1066,"column":5}},"576":{"start":{"line":1065,"column":6},"end":{"line":1065,"column":34}},"577":{"start":{"line":1068,"column":4},"end":{"line":1072,"column":5}},"578":{"start":{"line":1069,"column":6},"end":{"line":1069,"column":34}},"579":{"start":{"line":1070,"column":11},"end":{"line":1072,"column":5}},"580":{"start":{"line":1071,"column":6},"end":{"line":1071,"column":34}},"581":{"start":{"line":1075,"column":40},"end":{"line":1092,"column":3}},"582":{"start":{"line":1076,"column":4},"end":{"line":1076,"column":34}},"583":{"start":{"line":1078,"column":39},"end":{"line":1080,"column":5}},"584":{"start":{"line":1081,"column":45},"end":{"line":1082,"column":30}},"585":{"start":{"line":1084,"column":4},"end":{"line":1084,"column":50}},"586":{"start":{"line":1086,"column":4},"end":{"line":1091,"column":5}},"587":{"start":{"line":1086,"column":17},"end":{"line":1086,"column":18}},"588":{"start":{"line":1087,"column":40},"end":{"line":1088,"column":78}},"589":{"start":{"line":1090,"column":6},"end":{"line":1090,"column":49}},"590":{"start":{"line":1094,"column":47},"end":{"line":1096,"column":3}},"591":{"start":{"line":1095,"column":4},"end":{"line":1095,"column":81}},"592":{"start":{"line":1098,"column":40},"end":{"line":1123,"column":3}},"593":{"start":{"line":1099,"column":4},"end":{"line":1099,"column":45}},"594":{"start":{"line":1099,"column":38},"end":{"line":1099,"column":45}},"595":{"start":{"line":1101,"column":69},"end":{"line":1102,"column":51}},"596":{"start":{"line":1103,"column":69},"end":{"line":1104,"column":51}},"597":{"start":{"line":1105,"column":70},"end":{"line":1106,"column":51}},"598":{"start":{"line":1107,"column":64},"end":{"line":1107,"column":98}},"599":{"start":{"line":1108,"column":56},"end":{"line":1108,"column":94}},"600":{"start":{"line":1110,"column":4},"end":{"line":1122,"column":5}},"601":{"start":{"line":1111,"column":6},"end":{"line":1111,"column":27}},"602":{"start":{"line":1112,"column":11},"end":{"line":1122,"column":5}},"603":{"start":{"line":1113,"column":6},"end":{"line":1113,"column":27}},"604":{"start":{"line":1114,"column":11},"end":{"line":1122,"column":5}},"605":{"start":{"line":1115,"column":6},"end":{"line":1115,"column":27}},"606":{"start":{"line":1116,"column":11},"end":{"line":1122,"column":5}},"607":{"start":{"line":1117,"column":6},"end":{"line":1117,"column":27}},"608":{"start":{"line":1118,"column":11},"end":{"line":1122,"column":5}},"609":{"start":{"line":1119,"column":6},"end":{"line":1119,"column":28}},"610":{"start":{"line":1121,"column":6},"end":{"line":1121,"column":27}},"611":{"start":{"line":1125,"column":43},"end":{"line":1129,"column":3}},"612":{"start":{"line":1126,"column":4},"end":{"line":1126,"column":90}},"613":{"start":{"line":1128,"column":4},"end":{"line":1128,"column":42}}},"fnMap":{"0":{"name":"(anonymous_0)","decl":{"start":{"line":112,"column":2},"end":{"line":112,"column":3}},"loc":{"start":{"line":112,"column":38},"end":{"line":136,"column":3}},"line":112},"1":{"name":"(anonymous_1)","decl":{"start":{"line":138,"column":33},"end":{"line":138,"column":34}},"loc":{"start":{"line":138,"column":83},"end":{"line":149,"column":3}},"line":138},"2":{"name":"(anonymous_2)","decl":{"start":{"line":151,"column":31},"end":{"line":151,"column":32}},"loc":{"start":{"line":151,"column":43},"end":{"line":155,"column":3}},"line":151},"3":{"name":"(anonymous_3)","decl":{"start":{"line":157,"column":22},"end":{"line":157,"column":23}},"loc":{"start":{"line":157,"column":37},"end":{"line":202,"column":3}},"line":157},"4":{"name":"(anonymous_4)","decl":{"start":{"line":204,"column":33},"end":{"line":204,"column":34}},"loc":{"start":{"line":204,"column":45},"end":{"line":248,"column":3}},"line":204},"5":{"name":"(anonymous_5)","decl":{"start":{"line":250,"column":43},"end":{"line":250,"column":44}},"loc":{"start":{"line":250,"column":55},"end":{"line":264,"column":3}},"line":250},"6":{"name":"(anonymous_6)","decl":{"start":{"line":266,"column":46},"end":{"line":266,"column":47}},"loc":{"start":{"line":266,"column":58},"end":{"line":275,"column":3}},"line":266},"7":{"name":"(anonymous_7)","decl":{"start":{"line":277,"column":44},"end":{"line":277,"column":45}},"loc":{"start":{"line":277,"column":56},"end":{"line":286,"column":3}},"line":277},"8":{"name":"(anonymous_8)","decl":{"start":{"line":288,"column":31},"end":{"line":288,"column":32}},"loc":{"start":{"line":288,"column":85},"end":{"line":307,"column":3}},"line":288},"9":{"name":"(anonymous_9)","decl":{"start":{"line":309,"column":50},"end":{"line":309,"column":51}},"loc":{"start":{"line":312,"column":13},"end":{"line":344,"column":3}},"line":312},"10":{"name":"(anonymous_10)","decl":{"start":{"line":346,"column":51},"end":{"line":346,"column":52}},"loc":{"start":{"line":346,"column":79},"end":{"line":361,"column":3}},"line":346},"11":{"name":"(anonymous_11)","decl":{"start":{"line":363,"column":56},"end":{"line":363,"column":57}},"loc":{"start":{"line":363,"column":96},"end":{"line":424,"column":3}},"line":363},"12":{"name":"(anonymous_12)","decl":{"start":{"line":426,"column":56},"end":{"line":426,"column":57}},"loc":{"start":{"line":426,"column":68},"end":{"line":434,"column":3}},"line":426},"13":{"name":"(anonymous_13)","decl":{"start":{"line":436,"column":60},"end":{"line":436,"column":61}},"loc":{"start":{"line":436,"column":88},"end":{"line":445,"column":3}},"line":436},"14":{"name":"(anonymous_14)","decl":{"start":{"line":447,"column":60},"end":{"line":447,"column":61}},"loc":{"start":{"line":447,"column":88},"end":{"line":458,"column":3}},"line":447},"15":{"name":"(anonymous_15)","decl":{"start":{"line":460,"column":58},"end":{"line":460,"column":59}},"loc":{"start":{"line":460,"column":98},"end":{"line":473,"column":3}},"line":460},"16":{"name":"(anonymous_16)","decl":{"start":{"line":475,"column":58},"end":{"line":475,"column":59}},"loc":{"start":{"line":475,"column":98},"end":{"line":491,"column":3}},"line":475},"17":{"name":"(anonymous_17)","decl":{"start":{"line":493,"column":51},"end":{"line":493,"column":52}},"loc":{"start":{"line":493,"column":89},"end":{"line":519,"column":3}},"line":493},"18":{"name":"(anonymous_18)","decl":{"start":{"line":521,"column":39},"end":{"line":521,"column":40}},"loc":{"start":{"line":521,"column":51},"end":{"line":537,"column":3}},"line":521},"19":{"name":"(anonymous_19)","decl":{"start":{"line":539,"column":31},"end":{"line":539,"column":32}},"loc":{"start":{"line":539,"column":80},"end":{"line":561,"column":3}},"line":539},"20":{"name":"(anonymous_20)","decl":{"start":{"line":563,"column":48},"end":{"line":563,"column":49}},"loc":{"start":{"line":566,"column":13},"end":{"line":601,"column":3}},"line":566},"21":{"name":"(anonymous_21)","decl":{"start":{"line":603,"column":49},"end":{"line":603,"column":50}},"loc":{"start":{"line":603,"column":77},"end":{"line":620,"column":3}},"line":603},"22":{"name":"(anonymous_22)","decl":{"start":{"line":622,"column":54},"end":{"line":622,"column":55}},"loc":{"start":{"line":622,"column":94},"end":{"line":678,"column":3}},"line":622},"23":{"name":"(anonymous_23)","decl":{"start":{"line":680,"column":56},"end":{"line":680,"column":57}},"loc":{"start":{"line":680,"column":68},"end":{"line":689,"column":3}},"line":680},"24":{"name":"(anonymous_24)","decl":{"start":{"line":691,"column":58},"end":{"line":691,"column":59}},"loc":{"start":{"line":691,"column":86},"end":{"line":703,"column":3}},"line":691},"25":{"name":"(anonymous_25)","decl":{"start":{"line":705,"column":56},"end":{"line":705,"column":57}},"loc":{"start":{"line":705,"column":96},"end":{"line":718,"column":3}},"line":705},"26":{"name":"(anonymous_26)","decl":{"start":{"line":720,"column":49},"end":{"line":720,"column":50}},"loc":{"start":{"line":720,"column":87},"end":{"line":749,"column":3}},"line":720},"27":{"name":"(anonymous_27)","decl":{"start":{"line":751,"column":37},"end":{"line":751,"column":38}},"loc":{"start":{"line":751,"column":49},"end":{"line":762,"column":3}},"line":751},"28":{"name":"(anonymous_28)","decl":{"start":{"line":764,"column":51},"end":{"line":764,"column":52}},"loc":{"start":{"line":772,"column":13},"end":{"line":827,"column":3}},"line":772},"29":{"name":"(anonymous_29)","decl":{"start":{"line":829,"column":34},"end":{"line":829,"column":35}},"loc":{"start":{"line":829,"column":46},"end":{"line":837,"column":3}},"line":829},"30":{"name":"(anonymous_30)","decl":{"start":{"line":839,"column":32},"end":{"line":839,"column":33}},"loc":{"start":{"line":839,"column":44},"end":{"line":858,"column":3}},"line":839},"31":{"name":"(anonymous_31)","decl":{"start":{"line":860,"column":43},"end":{"line":860,"column":44}},"loc":{"start":{"line":860,"column":55},"end":{"line":872,"column":3}},"line":860},"32":{"name":"(anonymous_32)","decl":{"start":{"line":874,"column":34},"end":{"line":874,"column":35}},"loc":{"start":{"line":874,"column":46},"end":{"line":880,"column":3}},"line":874},"33":{"name":"(anonymous_33)","decl":{"start":{"line":882,"column":32},"end":{"line":882,"column":33}},"loc":{"start":{"line":882,"column":44},"end":{"line":888,"column":3}},"line":882},"34":{"name":"(anonymous_34)","decl":{"start":{"line":890,"column":38},"end":{"line":890,"column":39}},"loc":{"start":{"line":890,"column":50},"end":{"line":901,"column":3}},"line":890},"35":{"name":"(anonymous_35)","decl":{"start":{"line":903,"column":42},"end":{"line":903,"column":43}},"loc":{"start":{"line":903,"column":54},"end":{"line":906,"column":3}},"line":903},"36":{"name":"(anonymous_36)","decl":{"start":{"line":908,"column":36},"end":{"line":908,"column":37}},"loc":{"start":{"line":908,"column":48},"end":{"line":922,"column":3}},"line":908},"37":{"name":"(anonymous_37)","decl":{"start":{"line":924,"column":54},"end":{"line":924,"column":55}},"loc":{"start":{"line":924,"column":79},"end":{"line":927,"column":3}},"line":924},"38":{"name":"(anonymous_38)","decl":{"start":{"line":929,"column":52},"end":{"line":929,"column":53}},"loc":{"start":{"line":929,"column":77},"end":{"line":932,"column":3}},"line":929},"39":{"name":"(anonymous_39)","decl":{"start":{"line":934,"column":60},"end":{"line":934,"column":61}},"loc":{"start":{"line":934,"column":90},"end":{"line":938,"column":3}},"line":934},"40":{"name":"(anonymous_40)","decl":{"start":{"line":940,"column":61},"end":{"line":940,"column":62}},"loc":{"start":{"line":940,"column":91},"end":{"line":944,"column":3}},"line":940},"41":{"name":"(anonymous_41)","decl":{"start":{"line":946,"column":58},"end":{"line":946,"column":59}},"loc":{"start":{"line":946,"column":88},"end":{"line":950,"column":3}},"line":946},"42":{"name":"(anonymous_42)","decl":{"start":{"line":952,"column":59},"end":{"line":952,"column":60}},"loc":{"start":{"line":952,"column":89},"end":{"line":956,"column":3}},"line":952},"43":{"name":"(anonymous_43)","decl":{"start":{"line":958,"column":51},"end":{"line":958,"column":52}},"loc":{"start":{"line":958,"column":63},"end":{"line":963,"column":3}},"line":958},"44":{"name":"(anonymous_44)","decl":{"start":{"line":965,"column":52},"end":{"line":965,"column":53}},"loc":{"start":{"line":965,"column":64},"end":{"line":970,"column":3}},"line":965},"45":{"name":"(anonymous_45)","decl":{"start":{"line":972,"column":49},"end":{"line":972,"column":50}},"loc":{"start":{"line":972,"column":61},"end":{"line":977,"column":3}},"line":972},"46":{"name":"(anonymous_46)","decl":{"start":{"line":979,"column":50},"end":{"line":979,"column":51}},"loc":{"start":{"line":979,"column":62},"end":{"line":984,"column":3}},"line":979},"47":{"name":"(anonymous_47)","decl":{"start":{"line":986,"column":41},"end":{"line":986,"column":42}},"loc":{"start":{"line":986,"column":53},"end":{"line":989,"column":3}},"line":986},"48":{"name":"(anonymous_48)","decl":{"start":{"line":991,"column":41},"end":{"line":991,"column":42}},"loc":{"start":{"line":991,"column":66},"end":{"line":994,"column":3}},"line":991},"49":{"name":"(anonymous_49)","decl":{"start":{"line":996,"column":37},"end":{"line":996,"column":38}},"loc":{"start":{"line":996,"column":49},"end":{"line":1010,"column":3}},"line":996},"50":{"name":"(anonymous_50)","decl":{"start":{"line":1012,"column":39},"end":{"line":1012,"column":40}},"loc":{"start":{"line":1012,"column":51},"end":{"line":1016,"column":3}},"line":1012},"51":{"name":"(anonymous_51)","decl":{"start":{"line":1018,"column":39},"end":{"line":1018,"column":40}},"loc":{"start":{"line":1018,"column":51},"end":{"line":1022,"column":3}},"line":1018},"52":{"name":"(anonymous_52)","decl":{"start":{"line":1024,"column":35},"end":{"line":1024,"column":36}},"loc":{"start":{"line":1024,"column":47},"end":{"line":1035,"column":3}},"line":1024},"53":{"name":"(anonymous_53)","decl":{"start":{"line":1037,"column":29},"end":{"line":1037,"column":30}},"loc":{"start":{"line":1037,"column":41},"end":{"line":1046,"column":3}},"line":1037},"54":{"name":"(anonymous_54)","decl":{"start":{"line":1048,"column":39},"end":{"line":1048,"column":40}},"loc":{"start":{"line":1048,"column":51},"end":{"line":1051,"column":3}},"line":1048},"55":{"name":"(anonymous_55)","decl":{"start":{"line":1053,"column":55},"end":{"line":1053,"column":56}},"loc":{"start":{"line":1053,"column":67},"end":{"line":1073,"column":3}},"line":1053},"56":{"name":"(anonymous_56)","decl":{"start":{"line":1075,"column":40},"end":{"line":1075,"column":41}},"loc":{"start":{"line":1075,"column":52},"end":{"line":1092,"column":3}},"line":1075},"57":{"name":"(anonymous_57)","decl":{"start":{"line":1094,"column":47},"end":{"line":1094,"column":48}},"loc":{"start":{"line":1094,"column":59},"end":{"line":1096,"column":3}},"line":1094},"58":{"name":"(anonymous_58)","decl":{"start":{"line":1098,"column":40},"end":{"line":1098,"column":41}},"loc":{"start":{"line":1098,"column":52},"end":{"line":1123,"column":3}},"line":1098},"59":{"name":"(anonymous_59)","decl":{"start":{"line":1125,"column":43},"end":{"line":1125,"column":44}},"loc":{"start":{"line":1125,"column":86},"end":{"line":1129,"column":3}},"line":1125}},"branchMap":{"0":{"loc":{"start":{"line":32,"column":30},"end":{"line":32,"column":62}},"type":"cond-expr","locations":[{"start":{"line":32,"column":48},"end":{"line":32,"column":53}},{"start":{"line":32,"column":56},"end":{"line":32,"column":62}}],"line":32},"1":{"loc":{"start":{"line":34,"column":28},"end":{"line":34,"column":64}},"type":"cond-expr","locations":[{"start":{"line":34,"column":46},"end":{"line":34,"column":54}},{"start":{"line":34,"column":57},"end":{"line":34,"column":64}}],"line":34},"2":{"loc":{"start":{"line":50,"column":35},"end":{"line":50,"column":68}},"type":"cond-expr","locations":[{"start":{"line":50,"column":53},"end":{"line":50,"column":60}},{"start":{"line":50,"column":63},"end":{"line":50,"column":68}}],"line":50},"3":{"loc":{"start":{"line":54,"column":35},"end":{"line":54,"column":67}},"type":"cond-expr","locations":[{"start":{"line":54,"column":53},"end":{"line":54,"column":59}},{"start":{"line":54,"column":62},"end":{"line":54,"column":67}}],"line":54},"4":{"loc":{"start":{"line":205,"column":42},"end":{"line":205,"column":80}},"type":"binary-expr","locations":[{"start":{"line":205,"column":42},"end":{"line":205,"column":59}},{"start":{"line":205,"column":63},"end":{"line":205,"column":80}}],"line":205},"5":{"loc":{"start":{"line":206,"column":66},"end":{"line":207,"column":50}},"type":"binary-expr","locations":[{"start":{"line":206,"column":66},"end":{"line":206,"column":87}},{"start":{"line":207,"column":9},"end":{"line":207,"column":50}}],"line":206},"6":{"loc":{"start":{"line":208,"column":66},"end":{"line":209,"column":53}},"type":"binary-expr","locations":[{"start":{"line":208,"column":66},"end":{"line":208,"column":86}},{"start":{"line":209,"column":9},"end":{"line":209,"column":53}}],"line":208},"7":{"loc":{"start":{"line":211,"column":4},"end":{"line":217,"column":5}},"type":"if","locations":[{"start":{"line":211,"column":4},"end":{"line":217,"column":5}},{"start":{},"end":{}}],"line":211},"8":{"loc":{"start":{"line":219,"column":4},"end":{"line":221,"column":5}},"type":"if","locations":[{"start":{"line":219,"column":4},"end":{"line":221,"column":5}},{"start":{},"end":{}}],"line":219},"9":{"loc":{"start":{"line":223,"column":4},"end":{"line":225,"column":5}},"type":"if","locations":[{"start":{"line":223,"column":4},"end":{"line":225,"column":5}},{"start":{},"end":{}}],"line":223},"10":{"loc":{"start":{"line":227,"column":4},"end":{"line":229,"column":5}},"type":"if","locations":[{"start":{"line":227,"column":4},"end":{"line":229,"column":5}},{"start":{},"end":{}}],"line":227},"11":{"loc":{"start":{"line":233,"column":4},"end":{"line":235,"column":5}},"type":"if","locations":[{"start":{"line":233,"column":4},"end":{"line":235,"column":5}},{"start":{},"end":{}}],"line":233},"12":{"loc":{"start":{"line":237,"column":4},"end":{"line":239,"column":5}},"type":"if","locations":[{"start":{"line":237,"column":4},"end":{"line":239,"column":5}},{"start":{},"end":{}}],"line":237},"13":{"loc":{"start":{"line":241,"column":4},"end":{"line":243,"column":5}},"type":"if","locations":[{"start":{"line":241,"column":4},"end":{"line":243,"column":5}},{"start":{},"end":{}}],"line":241},"14":{"loc":{"start":{"line":245,"column":4},"end":{"line":247,"column":5}},"type":"if","locations":[{"start":{"line":245,"column":4},"end":{"line":247,"column":5}},{"start":{},"end":{}}],"line":245},"15":{"loc":{"start":{"line":291,"column":4},"end":{"line":291,"column":69}},"type":"if","locations":[{"start":{"line":291,"column":4},"end":{"line":291,"column":69}},{"start":{},"end":{}}],"line":291},"16":{"loc":{"start":{"line":296,"column":4},"end":{"line":298,"column":5}},"type":"if","locations":[{"start":{"line":296,"column":4},"end":{"line":298,"column":5}},{"start":{},"end":{}}],"line":296},"17":{"loc":{"start":{"line":300,"column":4},"end":{"line":302,"column":5}},"type":"if","locations":[{"start":{"line":300,"column":4},"end":{"line":302,"column":5}},{"start":{},"end":{}}],"line":300},"18":{"loc":{"start":{"line":304,"column":31},"end":{"line":304,"column":66}},"type":"cond-expr","locations":[{"start":{"line":304,"column":49},"end":{"line":304,"column":56}},{"start":{"line":304,"column":59},"end":{"line":304,"column":66}}],"line":304},"19":{"loc":{"start":{"line":315,"column":4},"end":{"line":315,"column":59}},"type":"if","locations":[{"start":{"line":315,"column":4},"end":{"line":315,"column":59}},{"start":{},"end":{}}],"line":315},"20":{"loc":{"start":{"line":320,"column":4},"end":{"line":322,"column":5}},"type":"if","locations":[{"start":{"line":320,"column":4},"end":{"line":322,"column":5}},{"start":{},"end":{}}],"line":320},"21":{"loc":{"start":{"line":324,"column":4},"end":{"line":326,"column":5}},"type":"if","locations":[{"start":{"line":324,"column":4},"end":{"line":326,"column":5}},{"start":{},"end":{}}],"line":324},"22":{"loc":{"start":{"line":328,"column":30},"end":{"line":328,"column":63}},"type":"cond-expr","locations":[{"start":{"line":328,"column":48},"end":{"line":328,"column":54}},{"start":{"line":328,"column":57},"end":{"line":328,"column":63}}],"line":328},"23":{"loc":{"start":{"line":330,"column":4},"end":{"line":336,"column":5}},"type":"if","locations":[{"start":{"line":330,"column":4},"end":{"line":336,"column":5}},{"start":{"line":332,"column":11},"end":{"line":336,"column":5}}],"line":330},"24":{"loc":{"start":{"line":347,"column":4},"end":{"line":347,"column":32}},"type":"if","locations":[{"start":{"line":347,"column":4},"end":{"line":347,"column":32}},{"start":{},"end":{}}],"line":347},"25":{"loc":{"start":{"line":354,"column":4},"end":{"line":360,"column":5}},"type":"if","locations":[{"start":{"line":354,"column":4},"end":{"line":360,"column":5}},{"start":{"line":357,"column":11},"end":{"line":360,"column":5}}],"line":354},"26":{"loc":{"start":{"line":357,"column":11},"end":{"line":360,"column":5}},"type":"if","locations":[{"start":{"line":357,"column":11},"end":{"line":360,"column":5}},{"start":{},"end":{}}],"line":357},"27":{"loc":{"start":{"line":364,"column":4},"end":{"line":364,"column":59}},"type":"if","locations":[{"start":{"line":364,"column":4},"end":{"line":364,"column":59}},{"start":{},"end":{}}],"line":364},"28":{"loc":{"start":{"line":369,"column":4},"end":{"line":371,"column":5}},"type":"if","locations":[{"start":{"line":369,"column":4},"end":{"line":371,"column":5}},{"start":{},"end":{}}],"line":369},"29":{"loc":{"start":{"line":373,"column":4},"end":{"line":375,"column":5}},"type":"if","locations":[{"start":{"line":373,"column":4},"end":{"line":375,"column":5}},{"start":{},"end":{}}],"line":373},"30":{"loc":{"start":{"line":377,"column":30},"end":{"line":377,"column":63}},"type":"cond-expr","locations":[{"start":{"line":377,"column":48},"end":{"line":377,"column":54}},{"start":{"line":377,"column":57},"end":{"line":377,"column":63}}],"line":377},"31":{"loc":{"start":{"line":383,"column":28},"end":{"line":384,"column":58}},"type":"cond-expr","locations":[{"start":{"line":384,"column":12},"end":{"line":384,"column":34}},{"start":{"line":384,"column":37},"end":{"line":384,"column":58}}],"line":383},"32":{"loc":{"start":{"line":386,"column":58},"end":{"line":389,"column":81}},"type":"binary-expr","locations":[{"start":{"line":386,"column":58},"end":{"line":387,"column":51}},{"start":{"line":388,"column":9},"end":{"line":389,"column":81}}],"line":386},"33":{"loc":{"start":{"line":393,"column":46},"end":{"line":394,"column":86}},"type":"cond-expr","locations":[{"start":{"line":394,"column":8},"end":{"line":394,"column":44}},{"start":{"line":394,"column":47},"end":{"line":394,"column":86}}],"line":393},"34":{"loc":{"start":{"line":397,"column":42},"end":{"line":397,"column":95}},"type":"binary-expr","locations":[{"start":{"line":397,"column":42},"end":{"line":397,"column":66}},{"start":{"line":397,"column":70},"end":{"line":397,"column":95}}],"line":397},"35":{"loc":{"start":{"line":399,"column":4},"end":{"line":416,"column":5}},"type":"if","locations":[{"start":{"line":399,"column":4},"end":{"line":416,"column":5}},{"start":{"line":413,"column":11},"end":{"line":416,"column":5}}],"line":399},"36":{"loc":{"start":{"line":400,"column":6},"end":{"line":412,"column":7}},"type":"if","locations":[{"start":{"line":400,"column":6},"end":{"line":412,"column":7}},{"start":{"line":407,"column":13},"end":{"line":412,"column":7}}],"line":400},"37":{"loc":{"start":{"line":407,"column":13},"end":{"line":412,"column":7}},"type":"if","locations":[{"start":{"line":407,"column":13},"end":{"line":412,"column":7}},{"start":{},"end":{}}],"line":407},"38":{"loc":{"start":{"line":413,"column":11},"end":{"line":416,"column":5}},"type":"if","locations":[{"start":{"line":413,"column":11},"end":{"line":416,"column":5}},{"start":{},"end":{}}],"line":413},"39":{"loc":{"start":{"line":427,"column":46},"end":{"line":428,"column":97}},"type":"binary-expr","locations":[{"start":{"line":427,"column":46},"end":{"line":427,"column":61}},{"start":{"line":428,"column":7},"end":{"line":428,"column":97}}],"line":427},"40":{"loc":{"start":{"line":430,"column":4},"end":{"line":433,"column":5}},"type":"if","locations":[{"start":{"line":430,"column":4},"end":{"line":433,"column":5}},{"start":{},"end":{}}],"line":430},"41":{"loc":{"start":{"line":437,"column":4},"end":{"line":437,"column":32}},"type":"if","locations":[{"start":{"line":437,"column":4},"end":{"line":437,"column":32}},{"start":{},"end":{}}],"line":437},"42":{"loc":{"start":{"line":441,"column":4},"end":{"line":444,"column":5}},"type":"if","locations":[{"start":{"line":441,"column":4},"end":{"line":444,"column":5}},{"start":{},"end":{}}],"line":441},"43":{"loc":{"start":{"line":448,"column":4},"end":{"line":448,"column":32}},"type":"if","locations":[{"start":{"line":448,"column":4},"end":{"line":448,"column":32}},{"start":{},"end":{}}],"line":448},"44":{"loc":{"start":{"line":450,"column":55},"end":{"line":452,"column":23}},"type":"binary-expr","locations":[{"start":{"line":450,"column":55},"end":{"line":451,"column":60}},{"start":{"line":452,"column":7},"end":{"line":452,"column":23}}],"line":450},"45":{"loc":{"start":{"line":454,"column":4},"end":{"line":457,"column":5}},"type":"if","locations":[{"start":{"line":454,"column":4},"end":{"line":457,"column":5}},{"start":{},"end":{}}],"line":454},"46":{"loc":{"start":{"line":463,"column":4},"end":{"line":463,"column":59}},"type":"if","locations":[{"start":{"line":463,"column":4},"end":{"line":463,"column":59}},{"start":{},"end":{}}],"line":463},"47":{"loc":{"start":{"line":478,"column":52},"end":{"line":479,"column":22}},"type":"binary-expr","locations":[{"start":{"line":478,"column":52},"end":{"line":478,"column":94}},{"start":{"line":479,"column":7},"end":{"line":479,"column":22}}],"line":478},"48":{"loc":{"start":{"line":481,"column":4},"end":{"line":481,"column":47}},"type":"if","locations":[{"start":{"line":481,"column":4},"end":{"line":481,"column":47}},{"start":{},"end":{}}],"line":481},"49":{"loc":{"start":{"line":494,"column":40},"end":{"line":494,"column":77}},"type":"cond-expr","locations":[{"start":{"line":494,"column":58},"end":{"line":494,"column":66}},{"start":{"line":494,"column":69},"end":{"line":494,"column":77}}],"line":494},"50":{"loc":{"start":{"line":495,"column":38},"end":{"line":495,"column":75}},"type":"cond-expr","locations":[{"start":{"line":495,"column":56},"end":{"line":495,"column":64}},{"start":{"line":495,"column":67},"end":{"line":495,"column":75}}],"line":495},"51":{"loc":{"start":{"line":498,"column":46},"end":{"line":498,"column":97}},"type":"binary-expr","locations":[{"start":{"line":498,"column":46},"end":{"line":498,"column":60}},{"start":{"line":498,"column":64},"end":{"line":498,"column":97}}],"line":498},"52":{"loc":{"start":{"line":500,"column":4},"end":{"line":500,"column":41}},"type":"if","locations":[{"start":{"line":500,"column":4},"end":{"line":500,"column":41}},{"start":{},"end":{}}],"line":500},"53":{"loc":{"start":{"line":502,"column":35},"end":{"line":502,"column":71}},"type":"cond-expr","locations":[{"start":{"line":502,"column":52},"end":{"line":502,"column":67}},{"start":{"line":502,"column":70},"end":{"line":502,"column":71}}],"line":502},"54":{"loc":{"start":{"line":504,"column":4},"end":{"line":510,"column":5}},"type":"if","locations":[{"start":{"line":504,"column":4},"end":{"line":510,"column":5}},{"start":{"line":507,"column":11},"end":{"line":510,"column":5}}],"line":504},"55":{"loc":{"start":{"line":506,"column":6},"end":{"line":506,"column":72}},"type":"if","locations":[{"start":{"line":506,"column":6},"end":{"line":506,"column":72}},{"start":{},"end":{}}],"line":506},"56":{"loc":{"start":{"line":507,"column":11},"end":{"line":510,"column":5}},"type":"if","locations":[{"start":{"line":507,"column":11},"end":{"line":510,"column":5}},{"start":{},"end":{}}],"line":507},"57":{"loc":{"start":{"line":509,"column":6},"end":{"line":509,"column":73}},"type":"if","locations":[{"start":{"line":509,"column":6},"end":{"line":509,"column":73}},{"start":{},"end":{}}],"line":509},"58":{"loc":{"start":{"line":516,"column":4},"end":{"line":516,"column":56}},"type":"if","locations":[{"start":{"line":516,"column":4},"end":{"line":516,"column":56}},{"start":{},"end":{}}],"line":516},"59":{"loc":{"start":{"line":526,"column":66},"end":{"line":527,"column":56}},"type":"binary-expr","locations":[{"start":{"line":526,"column":66},"end":{"line":526,"column":81}},{"start":{"line":527,"column":9},"end":{"line":527,"column":56}}],"line":526},"60":{"loc":{"start":{"line":529,"column":4},"end":{"line":533,"column":5}},"type":"if","locations":[{"start":{"line":529,"column":4},"end":{"line":533,"column":5}},{"start":{"line":531,"column":11},"end":{"line":533,"column":5}}],"line":529},"61":{"loc":{"start":{"line":531,"column":11},"end":{"line":533,"column":5}},"type":"if","locations":[{"start":{"line":531,"column":11},"end":{"line":533,"column":5}},{"start":{},"end":{}}],"line":531},"62":{"loc":{"start":{"line":534,"column":4},"end":{"line":536,"column":5}},"type":"if","locations":[{"start":{"line":534,"column":4},"end":{"line":536,"column":5}},{"start":{},"end":{}}],"line":534},"63":{"loc":{"start":{"line":542,"column":56},"end":{"line":543,"column":25}},"type":"binary-expr","locations":[{"start":{"line":542,"column":56},"end":{"line":542,"column":98}},{"start":{"line":543,"column":9},"end":{"line":543,"column":25}}],"line":542},"64":{"loc":{"start":{"line":545,"column":4},"end":{"line":545,"column":61}},"type":"if","locations":[{"start":{"line":545,"column":4},"end":{"line":545,"column":61}},{"start":{},"end":{}}],"line":545},"65":{"loc":{"start":{"line":550,"column":4},"end":{"line":552,"column":5}},"type":"if","locations":[{"start":{"line":550,"column":4},"end":{"line":552,"column":5}},{"start":{},"end":{}}],"line":550},"66":{"loc":{"start":{"line":554,"column":4},"end":{"line":556,"column":5}},"type":"if","locations":[{"start":{"line":554,"column":4},"end":{"line":556,"column":5}},{"start":{},"end":{}}],"line":554},"67":{"loc":{"start":{"line":558,"column":31},"end":{"line":558,"column":66}},"type":"cond-expr","locations":[{"start":{"line":558,"column":49},"end":{"line":558,"column":56}},{"start":{"line":558,"column":59},"end":{"line":558,"column":66}}],"line":558},"68":{"loc":{"start":{"line":569,"column":56},"end":{"line":570,"column":25}},"type":"binary-expr","locations":[{"start":{"line":569,"column":56},"end":{"line":569,"column":98}},{"start":{"line":570,"column":9},"end":{"line":570,"column":25}}],"line":569},"69":{"loc":{"start":{"line":572,"column":4},"end":{"line":572,"column":51}},"type":"if","locations":[{"start":{"line":572,"column":4},"end":{"line":572,"column":51}},{"start":{},"end":{}}],"line":572},"70":{"loc":{"start":{"line":577,"column":4},"end":{"line":579,"column":5}},"type":"if","locations":[{"start":{"line":577,"column":4},"end":{"line":579,"column":5}},{"start":{},"end":{}}],"line":577},"71":{"loc":{"start":{"line":581,"column":4},"end":{"line":583,"column":5}},"type":"if","locations":[{"start":{"line":581,"column":4},"end":{"line":583,"column":5}},{"start":{},"end":{}}],"line":581},"72":{"loc":{"start":{"line":585,"column":30},"end":{"line":585,"column":63}},"type":"cond-expr","locations":[{"start":{"line":585,"column":48},"end":{"line":585,"column":54}},{"start":{"line":585,"column":57},"end":{"line":585,"column":63}}],"line":585},"73":{"loc":{"start":{"line":587,"column":4},"end":{"line":593,"column":5}},"type":"if","locations":[{"start":{"line":587,"column":4},"end":{"line":593,"column":5}},{"start":{"line":589,"column":11},"end":{"line":593,"column":5}}],"line":587},"74":{"loc":{"start":{"line":604,"column":39},"end":{"line":604,"column":72}},"type":"binary-expr","locations":[{"start":{"line":604,"column":39},"end":{"line":604,"column":54}},{"start":{"line":604,"column":58},"end":{"line":604,"column":72}}],"line":604},"75":{"loc":{"start":{"line":606,"column":4},"end":{"line":606,"column":35}},"type":"if","locations":[{"start":{"line":606,"column":4},"end":{"line":606,"column":35}},{"start":{},"end":{}}],"line":606},"76":{"loc":{"start":{"line":613,"column":4},"end":{"line":619,"column":5}},"type":"if","locations":[{"start":{"line":613,"column":4},"end":{"line":619,"column":5}},{"start":{"line":616,"column":11},"end":{"line":619,"column":5}}],"line":613},"77":{"loc":{"start":{"line":616,"column":11},"end":{"line":619,"column":5}},"type":"if","locations":[{"start":{"line":616,"column":11},"end":{"line":619,"column":5}},{"start":{},"end":{}}],"line":616},"78":{"loc":{"start":{"line":623,"column":56},"end":{"line":624,"column":25}},"type":"binary-expr","locations":[{"start":{"line":623,"column":56},"end":{"line":623,"column":98}},{"start":{"line":624,"column":9},"end":{"line":624,"column":25}}],"line":623},"79":{"loc":{"start":{"line":626,"column":4},"end":{"line":626,"column":51}},"type":"if","locations":[{"start":{"line":626,"column":4},"end":{"line":626,"column":51}},{"start":{},"end":{}}],"line":626},"80":{"loc":{"start":{"line":631,"column":4},"end":{"line":633,"column":5}},"type":"if","locations":[{"start":{"line":631,"column":4},"end":{"line":633,"column":5}},{"start":{},"end":{}}],"line":631},"81":{"loc":{"start":{"line":635,"column":4},"end":{"line":637,"column":5}},"type":"if","locations":[{"start":{"line":635,"column":4},"end":{"line":637,"column":5}},{"start":{},"end":{}}],"line":635},"82":{"loc":{"start":{"line":639,"column":30},"end":{"line":639,"column":63}},"type":"cond-expr","locations":[{"start":{"line":639,"column":48},"end":{"line":639,"column":54}},{"start":{"line":639,"column":57},"end":{"line":639,"column":63}}],"line":639},"83":{"loc":{"start":{"line":644,"column":26},"end":{"line":644,"column":94}},"type":"cond-expr","locations":[{"start":{"line":644,"column":52},"end":{"line":644,"column":72}},{"start":{"line":644,"column":75},"end":{"line":644,"column":94}}],"line":644},"84":{"loc":{"start":{"line":648,"column":45},"end":{"line":651,"column":81}},"type":"binary-expr","locations":[{"start":{"line":648,"column":45},"end":{"line":649,"column":29}},{"start":{"line":649,"column":33},"end":{"line":651,"column":81}}],"line":648},"85":{"loc":{"start":{"line":652,"column":40},"end":{"line":652,"column":89}},"type":"binary-expr","locations":[{"start":{"line":652,"column":40},"end":{"line":652,"column":62}},{"start":{"line":652,"column":66},"end":{"line":652,"column":89}}],"line":652},"86":{"loc":{"start":{"line":654,"column":4},"end":{"line":670,"column":5}},"type":"if","locations":[{"start":{"line":654,"column":4},"end":{"line":670,"column":5}},{"start":{"line":667,"column":11},"end":{"line":670,"column":5}}],"line":654},"87":{"loc":{"start":{"line":655,"column":6},"end":{"line":666,"column":7}},"type":"if","locations":[{"start":{"line":655,"column":6},"end":{"line":666,"column":7}},{"start":{"line":660,"column":13},"end":{"line":666,"column":7}}],"line":655},"88":{"loc":{"start":{"line":660,"column":13},"end":{"line":666,"column":7}},"type":"if","locations":[{"start":{"line":660,"column":13},"end":{"line":666,"column":7}},{"start":{},"end":{}}],"line":660},"89":{"loc":{"start":{"line":667,"column":11},"end":{"line":670,"column":5}},"type":"if","locations":[{"start":{"line":667,"column":11},"end":{"line":670,"column":5}},{"start":{},"end":{}}],"line":667},"90":{"loc":{"start":{"line":681,"column":46},"end":{"line":683,"column":36}},"type":"binary-expr","locations":[{"start":{"line":681,"column":46},"end":{"line":681,"column":61}},{"start":{"line":682,"column":9},"end":{"line":683,"column":36}}],"line":681},"91":{"loc":{"start":{"line":685,"column":4},"end":{"line":688,"column":5}},"type":"if","locations":[{"start":{"line":685,"column":4},"end":{"line":688,"column":5}},{"start":{},"end":{}}],"line":685},"92":{"loc":{"start":{"line":692,"column":39},"end":{"line":692,"column":72}},"type":"binary-expr","locations":[{"start":{"line":692,"column":39},"end":{"line":692,"column":54}},{"start":{"line":692,"column":58},"end":{"line":692,"column":72}}],"line":692},"93":{"loc":{"start":{"line":694,"column":4},"end":{"line":694,"column":35}},"type":"if","locations":[{"start":{"line":694,"column":4},"end":{"line":694,"column":35}},{"start":{},"end":{}}],"line":694},"94":{"loc":{"start":{"line":699,"column":4},"end":{"line":702,"column":5}},"type":"if","locations":[{"start":{"line":699,"column":4},"end":{"line":702,"column":5}},{"start":{},"end":{}}],"line":699},"95":{"loc":{"start":{"line":708,"column":4},"end":{"line":708,"column":33}},"type":"if","locations":[{"start":{"line":708,"column":4},"end":{"line":708,"column":33}},{"start":{},"end":{}}],"line":708},"96":{"loc":{"start":{"line":721,"column":43},"end":{"line":721,"column":75}},"type":"binary-expr","locations":[{"start":{"line":721,"column":43},"end":{"line":721,"column":56}},{"start":{"line":721,"column":60},"end":{"line":721,"column":75}}],"line":721},"97":{"loc":{"start":{"line":723,"column":40},"end":{"line":723,"column":77}},"type":"cond-expr","locations":[{"start":{"line":723,"column":58},"end":{"line":723,"column":66}},{"start":{"line":723,"column":69},"end":{"line":723,"column":77}}],"line":723},"98":{"loc":{"start":{"line":724,"column":38},"end":{"line":724,"column":75}},"type":"cond-expr","locations":[{"start":{"line":724,"column":56},"end":{"line":724,"column":64}},{"start":{"line":724,"column":67},"end":{"line":724,"column":75}}],"line":724},"99":{"loc":{"start":{"line":727,"column":46},"end":{"line":728,"column":42}},"type":"binary-expr","locations":[{"start":{"line":727,"column":46},"end":{"line":727,"column":68}},{"start":{"line":728,"column":9},"end":{"line":728,"column":42}}],"line":727},"100":{"loc":{"start":{"line":730,"column":4},"end":{"line":730,"column":41}},"type":"if","locations":[{"start":{"line":730,"column":4},"end":{"line":730,"column":41}},{"start":{},"end":{}}],"line":730},"101":{"loc":{"start":{"line":732,"column":35},"end":{"line":732,"column":71}},"type":"cond-expr","locations":[{"start":{"line":732,"column":52},"end":{"line":732,"column":67}},{"start":{"line":732,"column":70},"end":{"line":732,"column":71}}],"line":732},"102":{"loc":{"start":{"line":734,"column":4},"end":{"line":740,"column":5}},"type":"if","locations":[{"start":{"line":734,"column":4},"end":{"line":740,"column":5}},{"start":{"line":737,"column":11},"end":{"line":740,"column":5}}],"line":734},"103":{"loc":{"start":{"line":736,"column":6},"end":{"line":736,"column":70}},"type":"if","locations":[{"start":{"line":736,"column":6},"end":{"line":736,"column":70}},{"start":{},"end":{}}],"line":736},"104":{"loc":{"start":{"line":737,"column":11},"end":{"line":740,"column":5}},"type":"if","locations":[{"start":{"line":737,"column":11},"end":{"line":740,"column":5}},{"start":{},"end":{}}],"line":737},"105":{"loc":{"start":{"line":739,"column":6},"end":{"line":739,"column":71}},"type":"if","locations":[{"start":{"line":739,"column":6},"end":{"line":739,"column":71}},{"start":{},"end":{}}],"line":739},"106":{"loc":{"start":{"line":746,"column":4},"end":{"line":746,"column":56}},"type":"if","locations":[{"start":{"line":746,"column":4},"end":{"line":746,"column":56}},{"start":{},"end":{}}],"line":746},"107":{"loc":{"start":{"line":757,"column":4},"end":{"line":761,"column":5}},"type":"if","locations":[{"start":{"line":757,"column":4},"end":{"line":761,"column":5}},{"start":{"line":759,"column":11},"end":{"line":761,"column":5}}],"line":757},"108":{"loc":{"start":{"line":759,"column":11},"end":{"line":761,"column":5}},"type":"if","locations":[{"start":{"line":759,"column":11},"end":{"line":761,"column":5}},{"start":{},"end":{}}],"line":759},"109":{"loc":{"start":{"line":775,"column":54},"end":{"line":776,"column":43}},"type":"binary-expr","locations":[{"start":{"line":775,"column":54},"end":{"line":775,"column":96}},{"start":{"line":776,"column":9},"end":{"line":776,"column":43}}],"line":775},"110":{"loc":{"start":{"line":778,"column":4},"end":{"line":778,"column":49}},"type":"if","locations":[{"start":{"line":778,"column":4},"end":{"line":778,"column":49}},{"start":{},"end":{}}],"line":778},"111":{"loc":{"start":{"line":783,"column":4},"end":{"line":785,"column":5}},"type":"if","locations":[{"start":{"line":783,"column":4},"end":{"line":785,"column":5}},{"start":{},"end":{}}],"line":783},"112":{"loc":{"start":{"line":787,"column":4},"end":{"line":789,"column":5}},"type":"if","locations":[{"start":{"line":787,"column":4},"end":{"line":789,"column":5}},{"start":{},"end":{}}],"line":787},"113":{"loc":{"start":{"line":791,"column":30},"end":{"line":791,"column":63}},"type":"cond-expr","locations":[{"start":{"line":791,"column":48},"end":{"line":791,"column":54}},{"start":{"line":791,"column":57},"end":{"line":791,"column":63}}],"line":791},"114":{"loc":{"start":{"line":793,"column":58},"end":{"line":796,"column":61}},"type":"binary-expr","locations":[{"start":{"line":793,"column":58},"end":{"line":794,"column":51}},{"start":{"line":795,"column":9},"end":{"line":796,"column":61}}],"line":793},"115":{"loc":{"start":{"line":800,"column":46},"end":{"line":801,"column":86}},"type":"cond-expr","locations":[{"start":{"line":801,"column":8},"end":{"line":801,"column":44}},{"start":{"line":801,"column":47},"end":{"line":801,"column":86}}],"line":800},"116":{"loc":{"start":{"line":806,"column":45},"end":{"line":808,"column":61}},"type":"binary-expr","locations":[{"start":{"line":806,"column":45},"end":{"line":806,"column":100}},{"start":{"line":807,"column":9},"end":{"line":808,"column":61}}],"line":806},"117":{"loc":{"start":{"line":809,"column":42},"end":{"line":809,"column":95}},"type":"binary-expr","locations":[{"start":{"line":809,"column":42},"end":{"line":809,"column":66}},{"start":{"line":809,"column":70},"end":{"line":809,"column":95}}],"line":809},"118":{"loc":{"start":{"line":810,"column":40},"end":{"line":810,"column":89}},"type":"binary-expr","locations":[{"start":{"line":810,"column":40},"end":{"line":810,"column":62}},{"start":{"line":810,"column":66},"end":{"line":810,"column":89}}],"line":810},"119":{"loc":{"start":{"line":812,"column":4},"end":{"line":820,"column":5}},"type":"if","locations":[{"start":{"line":812,"column":4},"end":{"line":820,"column":5}},{"start":{"line":816,"column":11},"end":{"line":820,"column":5}}],"line":812},"120":{"loc":{"start":{"line":816,"column":11},"end":{"line":820,"column":5}},"type":"if","locations":[{"start":{"line":816,"column":11},"end":{"line":820,"column":5}},{"start":{},"end":{}}],"line":816},"121":{"loc":{"start":{"line":832,"column":4},"end":{"line":836,"column":5}},"type":"if","locations":[{"start":{"line":832,"column":4},"end":{"line":836,"column":5}},{"start":{"line":834,"column":11},"end":{"line":836,"column":5}}],"line":832},"122":{"loc":{"start":{"line":848,"column":29},"end":{"line":848,"column":61}},"type":"cond-expr","locations":[{"start":{"line":848,"column":47},"end":{"line":848,"column":52}},{"start":{"line":848,"column":55},"end":{"line":848,"column":61}}],"line":848},"123":{"loc":{"start":{"line":849,"column":27},"end":{"line":849,"column":63}},"type":"cond-expr","locations":[{"start":{"line":849,"column":45},"end":{"line":849,"column":53}},{"start":{"line":849,"column":56},"end":{"line":849,"column":63}}],"line":849},"124":{"loc":{"start":{"line":855,"column":34},"end":{"line":855,"column":67}},"type":"cond-expr","locations":[{"start":{"line":855,"column":52},"end":{"line":855,"column":59}},{"start":{"line":855,"column":62},"end":{"line":855,"column":67}}],"line":855},"125":{"loc":{"start":{"line":857,"column":34},"end":{"line":857,"column":66}},"type":"cond-expr","locations":[{"start":{"line":857,"column":52},"end":{"line":857,"column":58}},{"start":{"line":857,"column":61},"end":{"line":857,"column":66}}],"line":857},"126":{"loc":{"start":{"line":867,"column":4},"end":{"line":867,"column":64}},"type":"if","locations":[{"start":{"line":867,"column":4},"end":{"line":867,"column":64}},{"start":{},"end":{}}],"line":867},"127":{"loc":{"start":{"line":868,"column":4},"end":{"line":868,"column":64}},"type":"if","locations":[{"start":{"line":868,"column":4},"end":{"line":868,"column":64}},{"start":{},"end":{}}],"line":868},"128":{"loc":{"start":{"line":870,"column":38},"end":{"line":871,"column":59}},"type":"cond-expr","locations":[{"start":{"line":871,"column":8},"end":{"line":871,"column":32}},{"start":{"line":871,"column":35},"end":{"line":871,"column":59}}],"line":870},"129":{"loc":{"start":{"line":877,"column":4},"end":{"line":877,"column":33}},"type":"if","locations":[{"start":{"line":877,"column":4},"end":{"line":877,"column":33}},{"start":{},"end":{}}],"line":877},"130":{"loc":{"start":{"line":885,"column":4},"end":{"line":885,"column":33}},"type":"if","locations":[{"start":{"line":885,"column":4},"end":{"line":885,"column":33}},{"start":{},"end":{}}],"line":885},"131":{"loc":{"start":{"line":894,"column":4},"end":{"line":897,"column":5}},"type":"if","locations":[{"start":{"line":894,"column":4},"end":{"line":897,"column":5}},{"start":{},"end":{}}],"line":894},"132":{"loc":{"start":{"line":915,"column":4},"end":{"line":915,"column":33}},"type":"if","locations":[{"start":{"line":915,"column":4},"end":{"line":915,"column":33}},{"start":{},"end":{}}],"line":915},"133":{"loc":{"start":{"line":998,"column":49},"end":{"line":998,"column":87}},"type":"binary-expr","locations":[{"start":{"line":998,"column":49},"end":{"line":998,"column":64}},{"start":{"line":998,"column":68},"end":{"line":998,"column":87}}],"line":998},"134":{"loc":{"start":{"line":1001,"column":4},"end":{"line":1007,"column":5}},"type":"if","locations":[{"start":{"line":1001,"column":4},"end":{"line":1007,"column":5}},{"start":{"line":1003,"column":11},"end":{"line":1007,"column":5}}],"line":1001},"135":{"loc":{"start":{"line":1003,"column":11},"end":{"line":1007,"column":5}},"type":"if","locations":[{"start":{"line":1003,"column":11},"end":{"line":1007,"column":5}},{"start":{"line":1005,"column":11},"end":{"line":1007,"column":5}}],"line":1003},"136":{"loc":{"start":{"line":1005,"column":11},"end":{"line":1007,"column":5}},"type":"if","locations":[{"start":{"line":1005,"column":11},"end":{"line":1007,"column":5}},{"start":{},"end":{}}],"line":1005},"137":{"loc":{"start":{"line":1028,"column":4},"end":{"line":1032,"column":5}},"type":"if","locations":[{"start":{"line":1028,"column":4},"end":{"line":1032,"column":5}},{"start":{"line":1030,"column":11},"end":{"line":1032,"column":5}}],"line":1028},"138":{"loc":{"start":{"line":1030,"column":11},"end":{"line":1032,"column":5}},"type":"if","locations":[{"start":{"line":1030,"column":11},"end":{"line":1032,"column":5}},{"start":{},"end":{}}],"line":1030},"139":{"loc":{"start":{"line":1040,"column":52},"end":{"line":1040,"column":89}},"type":"binary-expr","locations":[{"start":{"line":1040,"column":52},"end":{"line":1040,"column":69}},{"start":{"line":1040,"column":73},"end":{"line":1040,"column":89}}],"line":1040},"140":{"loc":{"start":{"line":1042,"column":4},"end":{"line":1042,"column":47}},"type":"if","locations":[{"start":{"line":1042,"column":4},"end":{"line":1042,"column":47}},{"start":{},"end":{}}],"line":1042},"141":{"loc":{"start":{"line":1061,"column":48},"end":{"line":1062,"column":78}},"type":"binary-expr","locations":[{"start":{"line":1061,"column":48},"end":{"line":1061,"column":63}},{"start":{"line":1062,"column":9},"end":{"line":1062,"column":78}}],"line":1061},"142":{"loc":{"start":{"line":1064,"column":4},"end":{"line":1066,"column":5}},"type":"if","locations":[{"start":{"line":1064,"column":4},"end":{"line":1066,"column":5}},{"start":{},"end":{}}],"line":1064},"143":{"loc":{"start":{"line":1068,"column":4},"end":{"line":1072,"column":5}},"type":"if","locations":[{"start":{"line":1068,"column":4},"end":{"line":1072,"column":5}},{"start":{"line":1070,"column":11},"end":{"line":1072,"column":5}}],"line":1068},"144":{"loc":{"start":{"line":1070,"column":11},"end":{"line":1072,"column":5}},"type":"if","locations":[{"start":{"line":1070,"column":11},"end":{"line":1072,"column":5}},{"start":{},"end":{}}],"line":1070},"145":{"loc":{"start":{"line":1099,"column":4},"end":{"line":1099,"column":45}},"type":"if","locations":[{"start":{"line":1099,"column":4},"end":{"line":1099,"column":45}},{"start":{},"end":{}}],"line":1099},"146":{"loc":{"start":{"line":1101,"column":69},"end":{"line":1102,"column":51}},"type":"binary-expr","locations":[{"start":{"line":1101,"column":69},"end":{"line":1102,"column":10}},{"start":{"line":1102,"column":14},"end":{"line":1102,"column":51}}],"line":1101},"147":{"loc":{"start":{"line":1103,"column":69},"end":{"line":1104,"column":51}},"type":"binary-expr","locations":[{"start":{"line":1103,"column":69},"end":{"line":1104,"column":10}},{"start":{"line":1104,"column":14},"end":{"line":1104,"column":51}}],"line":1103},"148":{"loc":{"start":{"line":1105,"column":70},"end":{"line":1106,"column":51}},"type":"binary-expr","locations":[{"start":{"line":1105,"column":70},"end":{"line":1106,"column":10}},{"start":{"line":1106,"column":14},"end":{"line":1106,"column":51}}],"line":1105},"149":{"loc":{"start":{"line":1108,"column":56},"end":{"line":1108,"column":94}},"type":"binary-expr","locations":[{"start":{"line":1108,"column":56},"end":{"line":1108,"column":73}},{"start":{"line":1108,"column":77},"end":{"line":1108,"column":94}}],"line":1108},"150":{"loc":{"start":{"line":1110,"column":4},"end":{"line":1122,"column":5}},"type":"if","locations":[{"start":{"line":1110,"column":4},"end":{"line":1122,"column":5}},{"start":{"line":1112,"column":11},"end":{"line":1122,"column":5}}],"line":1110},"151":{"loc":{"start":{"line":1112,"column":11},"end":{"line":1122,"column":5}},"type":"if","locations":[{"start":{"line":1112,"column":11},"end":{"line":1122,"column":5}},{"start":{"line":1114,"column":11},"end":{"line":1122,"column":5}}],"line":1112},"152":{"loc":{"start":{"line":1114,"column":11},"end":{"line":1122,"column":5}},"type":"if","locations":[{"start":{"line":1114,"column":11},"end":{"line":1122,"column":5}},{"start":{"line":1116,"column":11},"end":{"line":1122,"column":5}}],"line":1114},"153":{"loc":{"start":{"line":1116,"column":11},"end":{"line":1122,"column":5}},"type":"if","locations":[{"start":{"line":1116,"column":11},"end":{"line":1122,"column":5}},{"start":{"line":1118,"column":11},"end":{"line":1122,"column":5}}],"line":1116},"154":{"loc":{"start":{"line":1118,"column":11},"end":{"line":1122,"column":5}},"type":"if","locations":[{"start":{"line":1118,"column":11},"end":{"line":1122,"column":5}},{"start":{"line":1120,"column":11},"end":{"line":1122,"column":5}}],"line":1118},"155":{"loc":{"start":{"line":1126,"column":37},"end":{"line":1126,"column":89}},"type":"binary-expr","locations":[{"start":{"line":1126,"column":37},"end":{"line":1126,"column":66}},{"start":{"line":1126,"column":70},"end":{"line":1126,"column":89}}],"line":1126}},"s":{"0":0,"1":0,"2":0,"3":0,"4":0,"5":0,"6":0,"7":0,"8":0,"9":0,"10":0,"11":0,"12":0,"13":0,"14":0,"15":0,"16":0,"17":0,"18":0,"19":0,"20":0,"21":0,"22":0,"23":0,"24":0,"25":0,"26":0,"27":0,"28":0,"29":0,"30":0,"31":0,"32":0,"33":0,"34":0,"35":0,"36":0,"37":0,"38":0,"39":0,"40":0,"41":0,"42":0,"43":0,"44":0,"45":0,"46":0,"47":0,"48":0,"49":0,"50":0,"51":0,"52":0,"53":0,"54":0,"55":0,"56":0,"57":0,"58":0,"59":0,"60":0,"61":0,"62":0,"63":0,"64":0,"65":0,"66":0,"67":0,"68":0,"69":0,"70":0,"71":0,"72":0,"73":0,"74":0,"75":0,"76":0,"77":0,"78":0,"79":0,"80":0,"81":0,"82":0,"83":0,"84":0,"85":0,"86":0,"87":0,"88":0,"89":0,"90":0,"91":0,"92":0,"93":0,"94":0,"95":0,"96":0,"97":0,"98":0,"99":0,"100":0,"101":0,"102":0,"103":0,"104":0,"105":0,"106":0,"107":0,"108":0,"109":0,"110":0,"111":0,"112":0,"113":0,"114":0,"115":0,"116":0,"117":0,"118":0,"119":0,"120":0,"121":0,"122":0,"123":0,"124":0,"125":0,"126":0,"127":0,"128":0,"129":0,"130":0,"131":0,"132":0,"133":0,"134":0,"135":0,"136":0,"137":0,"138":0,"139":0,"140":0,"141":0,"142":0,"143":0,"144":0,"145":0,"146":0,"147":0,"148":0,"149":0,"150":0,"151":0,"152":0,"153":0,"154":0,"155":0,"156":0,"157":0,"158":0,"159":0,"160":0,"161":0,"162":0,"163":0,"164":0,"165":0,"166":0,"167":0,"168":0,"169":0,"170":0,"171":0,"172":0,"173":0,"174":0,"175":0,"176":0,"177":0,"178":0,"179":0,"180":0,"181":0,"182":0,"183":0,"184":0,"185":0,"186":0,"187":0,"188":0,"189":0,"190":0,"191":0,"192":0,"193":0,"194":0,"195":0,"196":0,"197":0,"198":0,"199":0,"200":0,"201":0,"202":0,"203":0,"204":0,"205":0,"206":0,"207":0,"208":0,"209":0,"210":0,"211":0,"212":0,"213":0,"214":0,"215":0,"216":0,"217":0,"218":0,"219":0,"220":0,"221":0,"222":0,"223":0,"224":0,"225":0,"226":0,"227":0,"228":0,"229":0,"230":0,"231":0,"232":0,"233":0,"234":0,"235":0,"236":0,"237":0,"238":0,"239":0,"240":0,"241":0,"242":0,"243":0,"244":0,"245":0,"246":0,"247":0,"248":0,"249":0,"250":0,"251":0,"252":0,"253":0,"254":0,"255":0,"256":0,"257":0,"258":0,"259":0,"260":0,"261":0,"262":0,"263":0,"264":0,"265":0,"266":0,"267":0,"268":0,"269":0,"270":0,"271":0,"272":0,"273":0,"274":0,"275":0,"276":0,"277":0,"278":0,"279":0,"280":0,"281":0,"282":0,"283":0,"284":0,"285":0,"286":0,"287":0,"288":0,"289":0,"290":0,"291":0,"292":0,"293":0,"294":0,"295":0,"296":0,"297":0,"298":0,"299":0,"300":0,"301":0,"302":0,"303":0,"304":0,"305":0,"306":0,"307":0,"308":0,"309":0,"310":0,"311":0,"312":0,"313":0,"314":0,"315":0,"316":0,"317":0,"318":0,"319":0,"320":0,"321":0,"322":0,"323":0,"324":0,"325":0,"326":0,"327":0,"328":0,"329":0,"330":0,"331":0,"332":0,"333":0,"334":0,"335":0,"336":0,"337":0,"338":0,"339":0,"340":0,"341":0,"342":0,"343":0,"344":0,"345":0,"346":0,"347":0,"348":0,"349":0,"350":0,"351":0,"352":0,"353":0,"354":0,"355":0,"356":0,"357":0,"358":0,"359":0,"360":0,"361":0,"362":0,"363":0,"364":0,"365":0,"366":0,"367":0,"368":0,"369":0,"370":0,"371":0,"372":0,"373":0,"374":0,"375":0,"376":0,"377":0,"378":0,"379":0,"380":0,"381":0,"382":0,"383":0,"384":0,"385":0,"386":0,"387":0,"388":0,"389":0,"390":0,"391":0,"392":0,"393":0,"394":0,"395":0,"396":0,"397":0,"398":0,"399":0,"400":0,"401":0,"402":0,"403":0,"404":0,"405":0,"406":0,"407":0,"408":0,"409":0,"410":0,"411":0,"412":0,"413":0,"414":0,"415":0,"416":0,"417":0,"418":0,"419":0,"420":0,"421":0,"422":0,"423":0,"424":0,"425":0,"426":0,"427":0,"428":0,"429":0,"430":0,"431":0,"432":0,"433":0,"434":0,"435":0,"436":0,"437":0,"438":0,"439":0,"440":0,"441":0,"442":0,"443":0,"444":0,"445":0,"446":0,"447":0,"448":0,"449":0,"450":0,"451":0,"452":0,"453":0,"454":0,"455":0,"456":0,"457":0,"458":0,"459":0,"460":0,"461":0,"462":0,"463":0,"464":0,"465":0,"466":0,"467":0,"468":0,"469":0,"470":0,"471":0,"472":0,"473":0,"474":0,"475":0,"476":0,"477":0,"478":0,"479":0,"480":0,"481":0,"482":0,"483":0,"484":0,"485":0,"486":0,"487":0,"488":0,"489":0,"490":0,"491":0,"492":0,"493":0,"494":0,"495":0,"496":0,"497":0,"498":0,"499":0,"500":0,"501":0,"502":0,"503":0,"504":0,"505":0,"506":0,"507":0,"508":0,"509":0,"510":0,"511":0,"512":0,"513":0,"514":0,"515":0,"516":0,"517":0,"518":0,"519":0,"520":0,"521":0,"522":0,"523":0,"524":0,"525":0,"526":0,"527":0,"528":0,"529":0,"530":0,"531":0,"532":0,"533":0,"534":0,"535":0,"536":0,"537":0,"538":0,"539":0,"540":0,"541":0,"542":0,"543":0,"544":0,"545":0,"546":0,"547":0,"548":0,"549":0,"550":0,"551":0,"552":0,"553":0,"554":0,"555":0,"556":0,"557":0,"558":0,"559":0,"560":0,"561":0,"562":0,"563":0,"564":0,"565":0,"566":0,"567":0,"568":0,"569":0,"570":0,"571":0,"572":0,"573":0,"574":0,"575":0,"576":0,"577":0,"578":0,"579":0,"580":0,"581":0,"582":0,"583":0,"584":0,"585":0,"586":0,"587":0,"588":0,"589":0,"590":0,"591":0,"592":0,"593":0,"594":0,"595":0,"596":0,"597":0,"598":0,"599":0,"600":0,"601":0,"602":0,"603":0,"604":0,"605":0,"606":0,"607":0,"608":0,"609":0,"610":0,"611":0,"612":0,"613":0},"f":{"0":0,"1":0,"2":0,"3":0,"4":0,"5":0,"6":0,"7":0,"8":0,"9":0,"10":0,"11":0,"12":0,"13":0,"14":0,"15":0,"16":0,"17":0,"18":0,"19":0,"20":0,"21":0,"22":0,"23":0,"24":0,"25":0,"26":0,"27":0,"28":0,"29":0,"30":0,"31":0,"32":0,"33":0,"34":0,"35":0,"36":0,"37":0,"38":0,"39":0,"40":0,"41":0,"42":0,"43":0,"44":0,"45":0,"46":0,"47":0,"48":0,"49":0,"50":0,"51":0,"52":0,"53":0,"54":0,"55":0,"56":0,"57":0,"58":0,"59":0},"b":{"0":[0,0],"1":[0,0],"2":[0,0],"3":[0,0],"4":[0,0],"5":[0,0],"6":[0,0],"7":[0,0],"8":[0,0],"9":[0,0],"10":[0,0],"11":[0,0],"12":[0,0],"13":[0,0],"14":[0,0],"15":[0,0],"16":[0,0],"17":[0,0],"18":[0,0],"19":[0,0],"20":[0,0],"21":[0,0],"22":[0,0],"23":[0,0],"24":[0,0],"25":[0,0],"26":[0,0],"27":[0,0],"28":[0,0],"29":[0,0],"30":[0,0],"31":[0,0],"32":[0,0],"33":[0,0],"34":[0,0],"35":[0,0],"36":[0,0],"37":[0,0],"38":[0,0],"39":[0,0],"40":[0,0],"41":[0,0],"42":[0,0],"43":[0,0],"44":[0,0],"45":[0,0],"46":[0,0],"47":[0,0],"48":[0,0],"49":[0,0],"50":[0,0],"51":[0,0],"52":[0,0],"53":[0,0],"54":[0,0],"55":[0,0],"56":[0,0],"57":[0,0],"58":[0,0],"59":[0,0],"60":[0,0],"61":[0,0],"62":[0,0],"63":[0,0],"64":[0,0],"65":[0,0],"66":[0,0],"67":[0,0],"68":[0,0],"69":[0,0],"70":[0,0],"71":[0,0],"72":[0,0],"73":[0,0],"74":[0,0],"75":[0,0],"76":[0,0],"77":[0,0],"78":[0,0],"79":[0,0],"80":[0,0],"81":[0,0],"82":[0,0],"83":[0,0],"84":[0,0],"85":[0,0],"86":[0,0],"87":[0,0],"88":[0,0],"89":[0,0],"90":[0,0],"91":[0,0],"92":[0,0],"93":[0,0],"94":[0,0],"95":[0,0],"96":[0,0],"97":[0,0],"98":[0,0],"99":[0,0],"100":[0,0],"101":[0,0],"102":[0,0],"103":[0,0],"104":[0,0],"105":[0,0],"106":[0,0],"107":[0,0],"108":[0,0],"109":[0,0],"110":[0,0],"111":[0,0],"112":[0,0],"113":[0,0],"114":[0,0],"115":[0,0],"116":[0,0],"117":[0,0],"118":[0,0],"119":[0,0],"120":[0,0],"121":[0,0],"122":[0,0],"123":[0,0],"124":[0,0],"125":[0,0],"126":[0,0],"127":[0,0],"128":[0,0],"129":[0,0],"130":[0,0],"131":[0,0],"132":[0,0],"133":[0,0],"134":[0,0],"135":[0,0],"136":[0,0],"137":[0,0],"138":[0,0],"139":[0,0],"140":[0,0],"141":[0,0],"142":[0,0],"143":[0,0],"144":[0,0],"145":[0,0],"146":[0,0],"147":[0,0],"148":[0,0],"149":[0,0],"150":[0,0],"151":[0,0],"152":[0,0],"153":[0,0],"154":[0,0],"155":[0,0]},"_coverageSchema":"1a1c01bbd47fc00a2c39e90264f33305004495a9","hash":"a894bb9e2f7eda086082b987ffcac171afa0743f"}
,"C:\\Users\\andreznik\\Desktop\\FSD слайдер(проект)\\src\\model\\observer.ts": {"path":"C:\\Users\\andreznik\\Desktop\\FSD слайдер(проект)\\src\\model\\observer.ts","statementMap":{"0":{"start":{"line":4,"column":46},"end":{"line":4,"column":48}},"1":{"start":{"line":6,"column":16},"end":{"line":8,"column":3}},"2":{"start":{"line":7,"column":4},"end":{"line":7,"column":34}},"3":{"start":{"line":10,"column":20},"end":{"line":12,"column":3}},"4":{"start":{"line":11,"column":4},"end":{"line":11,"column":60}},"5":{"start":{"line":11,"column":41},"end":{"line":11,"column":58}}},"fnMap":{"0":{"name":"(anonymous_0)","decl":{"start":{"line":6,"column":16},"end":{"line":6,"column":17}},"loc":{"start":{"line":6,"column":64},"end":{"line":8,"column":3}},"line":6},"1":{"name":"(anonymous_1)","decl":{"start":{"line":10,"column":20},"end":{"line":10,"column":21}},"loc":{"start":{"line":10,"column":48},"end":{"line":12,"column":3}},"line":10},"2":{"name":"(anonymous_2)","decl":{"start":{"line":11,"column":27},"end":{"line":11,"column":28}},"loc":{"start":{"line":11,"column":41},"end":{"line":11,"column":58}},"line":11}},"branchMap":{},"s":{"0":0,"1":0,"2":0,"3":0,"4":0,"5":0},"f":{"0":0,"1":0,"2":0},"b":{},"_coverageSchema":"1a1c01bbd47fc00a2c39e90264f33305004495a9","hash":"b0a0ae7794488527dfd44935878493f9510e0da3"}
}
