TN:
SF:src\model\model.ts
FN:112,(anonymous_0)
FN:138,(anonymous_1)
FN:151,(anonymous_2)
FN:157,(anonymous_3)
FN:204,(anonymous_4)
FN:250,(anonymous_5)
FN:266,(anonymous_6)
FN:277,(anonymous_7)
FN:288,(anonymous_8)
FN:309,(anonymous_9)
FN:346,(anonymous_10)
FN:361,(anonymous_11)
FN:424,(anonymous_12)
FN:434,(anonymous_13)
FN:445,(anonymous_14)
FN:458,(anonymous_15)
FN:473,(anonymous_16)
FN:491,(anonymous_17)
FN:519,(anonymous_18)
FN:537,(anonymous_19)
FN:561,(anonymous_20)
FN:601,(anonymous_21)
FN:620,(anonymous_22)
FN:678,(anonymous_23)
FN:689,(anonymous_24)
FN:703,(anonymous_25)
FN:718,(anonymous_26)
FN:749,(anonymous_27)
FN:762,(anonymous_28)
FN:827,(anonymous_29)
FN:837,(anonymous_30)
FN:858,(anonymous_31)
FN:872,(anonymous_32)
FN:880,(anonymous_33)
FN:888,(anonymous_34)
FN:901,(anonymous_35)
FN:906,(anonymous_36)
FN:922,(anonymous_37)
FN:927,(anonymous_38)
FN:932,(anonymous_39)
FN:938,(anonymous_40)
FN:944,(anonymous_41)
FN:950,(anonymous_42)
FN:956,(anonymous_43)
FN:963,(anonymous_44)
FN:970,(anonymous_45)
FN:977,(anonymous_46)
FN:984,(anonymous_47)
FN:989,(anonymous_48)
FN:994,(anonymous_49)
FN:1010,(anonymous_50)
FN:1016,(anonymous_51)
FN:1022,(anonymous_52)
FN:1035,(anonymous_53)
FN:1046,(anonymous_54)
FN:1051,(anonymous_55)
FN:1073,(anonymous_56)
FN:1092,(anonymous_57)
FN:1096,(anonymous_58)
FN:1123,(anonymous_59)
FNF:60
FNH:59
FNDA:1,(anonymous_0)
FNDA:1,(anonymous_1)
FNDA:1,(anonymous_2)
FNDA:26,(anonymous_3)
FNDA:7,(anonymous_4)
FNDA:1,(anonymous_5)
FNDA:1,(anonymous_6)
FNDA:1,(anonymous_7)
FNDA:2,(anonymous_8)
FNDA:4,(anonymous_9)
FNDA:2,(anonymous_10)
FNDA:5,(anonymous_11)
FNDA:2,(anonymous_12)
FNDA:1,(anonymous_13)
FNDA:2,(anonymous_14)
FNDA:1,(anonymous_15)
FNDA:1,(anonymous_16)
FNDA:4,(anonymous_17)
FNDA:12,(anonymous_18)
FNDA:2,(anonymous_19)
FNDA:3,(anonymous_20)
FNDA:1,(anonymous_21)
FNDA:6,(anonymous_22)
FNDA:1,(anonymous_23)
FNDA:1,(anonymous_24)
FNDA:2,(anonymous_25)
FNDA:4,(anonymous_26)
FNDA:12,(anonymous_27)
FNDA:2,(anonymous_28)
FNDA:2,(anonymous_29)
FNDA:1,(anonymous_30)
FNDA:1,(anonymous_31)
FNDA:26,(anonymous_32)
FNDA:26,(anonymous_33)
FNDA:25,(anonymous_34)
FNDA:1,(anonymous_35)
FNDA:6,(anonymous_36)
FNDA:1,(anonymous_37)
FNDA:1,(anonymous_38)
FNDA:2,(anonymous_39)
FNDA:1,(anonymous_40)
FNDA:1,(anonymous_41)
FNDA:1,(anonymous_42)
FNDA:2,(anonymous_43)
FNDA:2,(anonymous_44)
FNDA:1,(anonymous_45)
FNDA:1,(anonymous_46)
FNDA:1,(anonymous_47)
FNDA:2,(anonymous_48)
FNDA:13,(anonymous_49)
FNDA:0,(anonymous_50)
FNDA:1,(anonymous_51)
FNDA:8,(anonymous_52)
FNDA:25,(anonymous_53)
FNDA:1,(anonymous_54)
FNDA:25,(anonymous_55)
FNDA:1,(anonymous_56)
FNDA:1,(anonymous_57)
FNDA:7,(anonymous_58)
FNDA:1,(anonymous_59)
DA:18,1
DA:20,1
DA:22,1
DA:24,1
DA:26,1
DA:28,1
DA:30,1
DA:32,1
DA:34,1
DA:36,1
DA:38,1
DA:40,1
DA:42,1
DA:44,1
DA:46,1
DA:48,1
DA:50,1
DA:52,1
DA:54,1
DA:56,1
DA:58,1
DA:60,1
DA:62,1
DA:64,1
DA:66,1
DA:68,1
DA:70,1
DA:72,1
DA:74,1
DA:76,1
DA:78,1
DA:80,1
DA:82,1
DA:84,1
DA:86,1
DA:88,1
DA:90,1
DA:92,1
DA:94,1
DA:96,1
DA:98,1
DA:100,1
DA:102,1
DA:104,1
DA:106,1
DA:108,1
DA:110,1
DA:113,1
DA:115,1
DA:116,1
DA:133,1
DA:135,1
DA:138,1
DA:139,1
DA:140,1
DA:141,1
DA:142,1
DA:143,1
DA:144,1
DA:145,1
DA:146,1
DA:147,1
DA:148,1
DA:151,1
DA:152,1
DA:157,1
DA:158,26
DA:201,26
DA:204,1
DA:205,7
DA:206,7
DA:208,7
DA:211,7
DA:212,1
DA:213,1
DA:215,1
DA:216,1
DA:219,7
DA:220,1
DA:223,7
DA:224,1
DA:227,7
DA:228,1
DA:231,7
DA:233,7
DA:234,2
DA:237,7
DA:238,3
DA:241,7
DA:242,2
DA:245,7
DA:246,1
DA:250,1
DA:251,1
DA:252,1
DA:253,1
DA:255,1
DA:257,1
DA:260,1
DA:261,1
DA:262,1
DA:263,1
DA:266,1
DA:267,1
DA:268,1
DA:270,1
DA:273,1
DA:274,1
DA:277,1
DA:278,1
DA:279,1
DA:281,1
DA:284,1
DA:285,1
DA:288,1
DA:289,2
DA:291,2
DA:293,1
DA:294,1
DA:296,1
DA:297,1
DA:300,1
DA:301,1
DA:304,1
DA:306,1
DA:309,1
DA:313,4
DA:315,4
DA:317,3
DA:318,3
DA:320,3
DA:321,3
DA:324,3
DA:325,3
DA:328,3
DA:330,3
DA:331,2
DA:333,1
DA:334,1
DA:335,1
DA:338,3
DA:339,3
DA:340,3
DA:341,3
DA:343,3
DA:346,1
DA:347,2
DA:349,2
DA:352,2
DA:353,1
DA:354,1
DA:355,1
DA:356,1
DA:357,1
DA:361,1
DA:362,5
DA:364,4
DA:365,4
DA:367,4
DA:368,4
DA:371,4
DA:372,4
DA:375,4
DA:377,4
DA:379,4
DA:381,4
DA:384,4
DA:388,4
DA:391,4
DA:393,4
DA:395,4
DA:397,4
DA:398,3
DA:399,2
DA:401,2
DA:403,2
DA:404,2
DA:405,1
DA:406,1
DA:408,1
DA:409,1
DA:411,1
DA:412,1
DA:413,1
DA:416,4
DA:417,4
DA:418,4
DA:419,4
DA:421,4
DA:424,1
DA:425,2
DA:428,2
DA:429,1
DA:430,1
DA:434,1
DA:435,1
DA:437,1
DA:439,1
DA:440,0
DA:441,0
DA:445,1
DA:446,2
DA:448,2
DA:452,2
DA:453,0
DA:454,0
DA:458,1
DA:459,1
DA:461,1
DA:463,1
DA:465,1
DA:466,1
DA:467,1
DA:468,1
DA:470,1
DA:473,1
DA:474,1
DA:476,1
DA:479,1
DA:481,1
DA:483,1
DA:484,1
DA:485,1
DA:486,1
DA:488,1
DA:491,1
DA:492,4
DA:493,4
DA:494,4
DA:496,4
DA:498,4
DA:500,3
DA:502,3
DA:503,1
DA:504,1
DA:505,2
DA:506,2
DA:507,2
DA:510,3
DA:511,3
DA:512,3
DA:513,3
DA:514,3
DA:516,3
DA:519,1
DA:520,12
DA:522,12
DA:524,12
DA:527,12
DA:528,1
DA:529,11
DA:530,1
DA:532,12
DA:533,0
DA:537,1
DA:538,2
DA:540,2
DA:543,2
DA:545,1
DA:546,1
DA:548,1
DA:549,1
DA:552,1
DA:553,1
DA:556,1
DA:558,1
DA:561,1
DA:565,3
DA:567,3
DA:570,3
DA:572,2
DA:573,2
DA:575,2
DA:576,2
DA:579,2
DA:580,2
DA:583,2
DA:585,2
DA:586,1
DA:588,1
DA:589,1
DA:590,1
DA:593,2
DA:594,2
DA:595,2
DA:596,2
DA:598,2
DA:601,1
DA:602,1
DA:604,1
DA:606,1
DA:608,1
DA:611,1
DA:612,0
DA:613,0
DA:614,1
DA:615,0
DA:616,0
DA:620,1
DA:621,6
DA:624,6
DA:626,5
DA:627,5
DA:629,5
DA:630,5
DA:633,5
DA:634,5
DA:637,5
DA:638,5
DA:640,5
DA:642,5
DA:644,5
DA:646,5
DA:650,5
DA:652,5
DA:653,3
DA:654,1
DA:656,1
DA:657,1
DA:658,2
DA:659,1
DA:661,1
DA:663,1
DA:665,2
DA:666,1
DA:667,1
DA:670,5
DA:671,5
DA:672,5
DA:673,5
DA:675,5
DA:678,1
DA:679,1
DA:683,1
DA:684,0
DA:685,0
DA:689,1
DA:690,1
DA:692,1
DA:694,1
DA:697,1
DA:698,0
DA:699,0
DA:703,1
DA:704,2
DA:706,2
DA:708,1
DA:710,1
DA:711,1
DA:712,1
DA:713,1
DA:715,1
DA:718,1
DA:719,4
DA:721,4
DA:722,4
DA:723,4
DA:725,4
DA:728,4
DA:730,3
DA:732,3
DA:733,1
DA:734,1
DA:735,2
DA:736,2
DA:737,2
DA:740,3
DA:741,3
DA:742,3
DA:743,3
DA:744,3
DA:746,3
DA:749,1
DA:750,12
DA:752,12
DA:755,12
DA:756,1
DA:757,11
DA:758,1
DA:762,1
DA:771,2
DA:773,2
DA:776,2
DA:778,2
DA:779,2
DA:781,2
DA:782,2
DA:785,2
DA:786,2
DA:789,2
DA:791,2
DA:795,2
DA:798,2
DA:800,2
DA:802,2
DA:804,2
DA:807,2
DA:808,2
DA:810,2
DA:811,1
DA:813,1
DA:814,1
DA:815,1
DA:817,1
DA:820,2
DA:821,2
DA:822,2
DA:824,2
DA:827,1
DA:828,2
DA:830,2
DA:831,1
DA:833,1
DA:837,1
DA:838,1
DA:839,1
DA:840,1
DA:841,1
DA:842,1
DA:843,1
DA:844,1
DA:845,1
DA:846,1
DA:847,1
DA:848,1
DA:849,1
DA:850,1
DA:851,1
DA:852,1
DA:853,1
DA:854,1
DA:855,1
DA:858,1
DA:859,1
DA:860,1
DA:862,1
DA:863,1
DA:865,1
DA:866,1
DA:868,1
DA:872,1
DA:873,26
DA:875,26
DA:877,13
DA:880,1
DA:881,26
DA:883,26
DA:885,13
DA:888,1
DA:889,25
DA:892,25
DA:893,13
DA:897,25
DA:898,25
DA:901,1
DA:902,1
DA:903,1
DA:906,1
DA:907,6
DA:909,6
DA:911,6
DA:913,6
DA:915,3
DA:917,3
DA:919,3
DA:922,1
DA:923,1
DA:924,1
DA:927,1
DA:928,1
DA:929,1
DA:932,1
DA:933,2
DA:935,2
DA:938,1
DA:939,1
DA:941,1
DA:944,1
DA:945,1
DA:947,1
DA:950,1
DA:951,1
DA:953,1
DA:956,1
DA:957,2
DA:958,2
DA:960,2
DA:963,1
DA:964,2
DA:965,2
DA:967,2
DA:970,1
DA:971,1
DA:972,1
DA:974,1
DA:977,1
DA:978,1
DA:979,1
DA:981,1
DA:984,1
DA:985,1
DA:986,1
DA:989,1
DA:990,2
DA:991,2
DA:994,1
DA:995,13
DA:996,13
DA:997,13
DA:999,13
DA:1000,0
DA:1001,13
DA:1002,0
DA:1003,13
DA:1004,0
DA:1007,13
DA:1010,1
DA:1011,0
DA:1013,0
DA:1016,1
DA:1017,1
DA:1019,1
DA:1022,1
DA:1023,8
DA:1024,8
DA:1026,8
DA:1027,0
DA:1028,8
DA:1029,1
DA:1032,8
DA:1035,1
DA:1036,25
DA:1038,25
DA:1040,25
DA:1042,0
DA:1043,0
DA:1046,1
DA:1047,1
DA:1048,1
DA:1051,1
DA:1052,25
DA:1053,25
DA:1055,25
DA:1057,25
DA:1059,25
DA:1062,25
DA:1063,2
DA:1066,25
DA:1067,2
DA:1068,23
DA:1069,1
DA:1073,1
DA:1074,1
DA:1076,1
DA:1079,1
DA:1082,1
DA:1084,1
DA:1085,4
DA:1088,4
DA:1092,1
DA:1093,1
DA:1096,1
DA:1097,7
DA:1099,6
DA:1101,6
DA:1103,6
DA:1105,6
DA:1106,6
DA:1108,6
DA:1109,1
DA:1110,5
DA:1111,1
DA:1112,4
DA:1113,1
DA:1114,3
DA:1115,1
DA:1116,2
DA:1117,1
DA:1119,1
DA:1123,1
DA:1124,1
DA:1126,1
LF:582
LH:561
BRDA:32,0,0,0
BRDA:32,0,1,1
BRDA:34,1,0,0
BRDA:34,1,1,1
BRDA:50,2,0,0
BRDA:50,2,1,1
BRDA:54,3,0,0
BRDA:54,3,1,1
BRDA:205,4,0,7
BRDA:205,4,1,1
BRDA:206,5,0,7
BRDA:206,5,1,6
BRDA:208,6,0,7
BRDA:208,6,1,1
BRDA:211,7,0,1
BRDA:211,7,1,6
BRDA:219,8,0,1
BRDA:219,8,1,6
BRDA:223,9,0,1
BRDA:223,9,1,6
BRDA:227,10,0,1
BRDA:227,10,1,6
BRDA:233,11,0,2
BRDA:233,11,1,5
BRDA:237,12,0,3
BRDA:237,12,1,4
BRDA:241,13,0,2
BRDA:241,13,1,5
BRDA:245,14,0,1
BRDA:245,14,1,6
BRDA:291,15,0,1
BRDA:291,15,1,1
BRDA:296,16,0,1
BRDA:296,16,1,0
BRDA:300,17,0,1
BRDA:300,17,1,0
BRDA:304,18,0,0
BRDA:304,18,1,1
BRDA:315,19,0,1
BRDA:315,19,1,3
BRDA:320,20,0,3
BRDA:320,20,1,0
BRDA:324,21,0,3
BRDA:324,21,1,0
BRDA:328,22,0,0
BRDA:328,22,1,3
BRDA:330,23,0,2
BRDA:330,23,1,1
BRDA:352,24,0,1
BRDA:352,24,1,1
BRDA:355,25,0,1
BRDA:355,25,1,0
BRDA:362,26,0,1
BRDA:362,26,1,4
BRDA:367,27,0,4
BRDA:367,27,1,0
BRDA:371,28,0,4
BRDA:371,28,1,0
BRDA:375,29,0,0
BRDA:375,29,1,4
BRDA:381,30,0,1
BRDA:381,30,1,3
BRDA:384,31,0,4
BRDA:384,31,1,2
BRDA:391,32,0,1
BRDA:391,32,1,3
BRDA:395,33,0,4
BRDA:395,33,1,2
BRDA:397,34,0,3
BRDA:397,34,1,1
BRDA:398,35,0,2
BRDA:398,35,1,1
BRDA:405,36,0,1
BRDA:405,36,1,0
BRDA:411,37,0,1
BRDA:411,37,1,0
BRDA:425,38,0,2
BRDA:425,38,1,1
BRDA:428,39,0,1
BRDA:428,39,1,1
BRDA:435,40,0,0
BRDA:435,40,1,1
BRDA:439,41,0,0
BRDA:439,41,1,1
BRDA:446,42,0,0
BRDA:446,42,1,2
BRDA:448,43,0,2
BRDA:448,43,1,1
BRDA:452,44,0,0
BRDA:452,44,1,2
BRDA:461,45,0,0
BRDA:461,45,1,1
BRDA:476,46,0,1
BRDA:476,46,1,1
BRDA:479,47,0,0
BRDA:479,47,1,1
BRDA:492,48,0,0
BRDA:492,48,1,4
BRDA:493,49,0,0
BRDA:493,49,1,4
BRDA:496,50,0,4
BRDA:496,50,1,3
BRDA:498,51,0,1
BRDA:498,51,1,3
BRDA:500,52,0,2
BRDA:500,52,1,1
BRDA:502,53,0,1
BRDA:502,53,1,2
BRDA:504,54,0,1
BRDA:504,54,1,0
BRDA:505,55,0,2
BRDA:505,55,1,0
BRDA:507,56,0,1
BRDA:507,56,1,1
BRDA:514,57,0,1
BRDA:514,57,1,2
BRDA:524,58,0,12
BRDA:524,58,1,1
BRDA:527,59,0,1
BRDA:527,59,1,11
BRDA:529,60,0,1
BRDA:529,60,1,10
BRDA:532,61,0,0
BRDA:532,61,1,12
BRDA:540,62,0,2
BRDA:540,62,1,2
BRDA:543,63,0,1
BRDA:543,63,1,1
BRDA:548,64,0,1
BRDA:548,64,1,0
BRDA:552,65,0,1
BRDA:552,65,1,0
BRDA:556,66,0,0
BRDA:556,66,1,1
BRDA:567,67,0,3
BRDA:567,67,1,3
BRDA:570,68,0,1
BRDA:570,68,1,2
BRDA:575,69,0,2
BRDA:575,69,1,0
BRDA:579,70,0,2
BRDA:579,70,1,0
BRDA:583,71,0,0
BRDA:583,71,1,2
BRDA:585,72,0,1
BRDA:585,72,1,1
BRDA:602,73,0,1
BRDA:602,73,1,1
BRDA:604,74,0,0
BRDA:604,74,1,1
BRDA:611,75,0,0
BRDA:611,75,1,1
BRDA:614,76,0,0
BRDA:614,76,1,1
BRDA:621,77,0,6
BRDA:621,77,1,6
BRDA:624,78,0,1
BRDA:624,78,1,5
BRDA:629,79,0,5
BRDA:629,79,1,0
BRDA:633,80,0,5
BRDA:633,80,1,0
BRDA:637,81,0,0
BRDA:637,81,1,5
BRDA:642,82,0,1
BRDA:642,82,1,4
BRDA:646,83,0,5
BRDA:646,83,1,2
BRDA:650,84,0,5
BRDA:650,84,1,4
BRDA:652,85,0,3
BRDA:652,85,1,2
BRDA:653,86,0,1
BRDA:653,86,1,2
BRDA:658,87,0,1
BRDA:658,87,1,1
BRDA:665,88,0,1
BRDA:665,88,1,1
BRDA:679,89,0,1
BRDA:679,89,1,1
BRDA:683,90,0,0
BRDA:683,90,1,1
BRDA:690,91,0,1
BRDA:690,91,1,1
BRDA:692,92,0,0
BRDA:692,92,1,1
BRDA:697,93,0,0
BRDA:697,93,1,1
BRDA:706,94,0,1
BRDA:706,94,1,1
BRDA:719,95,0,4
BRDA:719,95,1,3
BRDA:721,96,0,0
BRDA:721,96,1,4
BRDA:722,97,0,0
BRDA:722,97,1,4
BRDA:725,98,0,4
BRDA:725,98,1,3
BRDA:728,99,0,1
BRDA:728,99,1,3
BRDA:730,100,0,2
BRDA:730,100,1,1
BRDA:732,101,0,1
BRDA:732,101,1,2
BRDA:734,102,0,1
BRDA:734,102,1,0
BRDA:735,103,0,2
BRDA:735,103,1,0
BRDA:737,104,0,1
BRDA:737,104,1,1
BRDA:744,105,0,1
BRDA:744,105,1,2
BRDA:755,106,0,1
BRDA:755,106,1,11
BRDA:757,107,0,1
BRDA:757,107,1,10
BRDA:773,108,0,2
BRDA:773,108,1,2
BRDA:776,109,0,0
BRDA:776,109,1,2
BRDA:781,110,0,2
BRDA:781,110,1,0
BRDA:785,111,0,2
BRDA:785,111,1,0
BRDA:789,112,0,0
BRDA:789,112,1,2
BRDA:791,113,0,2
BRDA:791,113,1,2
BRDA:798,114,0,1
BRDA:798,114,1,1
BRDA:804,115,0,2
BRDA:804,115,1,0
BRDA:807,116,0,2
BRDA:807,116,1,1
BRDA:808,117,0,2
BRDA:808,117,1,0
BRDA:810,118,0,1
BRDA:810,118,1,1
BRDA:814,119,0,1
BRDA:814,119,1,0
BRDA:830,120,0,1
BRDA:830,120,1,1
BRDA:846,121,0,0
BRDA:846,121,1,1
BRDA:847,122,0,0
BRDA:847,122,1,1
BRDA:853,123,0,0
BRDA:853,123,1,1
BRDA:855,124,0,0
BRDA:855,124,1,1
BRDA:865,125,0,1
BRDA:865,125,1,0
BRDA:866,126,0,1
BRDA:866,126,1,0
BRDA:868,127,0,0
BRDA:868,127,1,1
BRDA:875,128,0,13
BRDA:875,128,1,13
BRDA:883,129,0,13
BRDA:883,129,1,13
BRDA:892,130,0,13
BRDA:892,130,1,12
BRDA:913,131,0,3
BRDA:913,131,1,3
BRDA:996,132,0,13
BRDA:996,132,1,3
BRDA:999,133,0,0
BRDA:999,133,1,13
BRDA:1001,134,0,0
BRDA:1001,134,1,13
BRDA:1003,135,0,0
BRDA:1003,135,1,13
BRDA:1026,136,0,0
BRDA:1026,136,1,8
BRDA:1028,137,0,1
BRDA:1028,137,1,7
BRDA:1038,138,0,25
BRDA:1038,138,1,1
BRDA:1040,139,0,25
BRDA:1040,139,1,0
BRDA:1059,140,0,25
BRDA:1059,140,1,13
BRDA:1062,141,0,2
BRDA:1062,141,1,23
BRDA:1066,142,0,2
BRDA:1066,142,1,23
BRDA:1068,143,0,1
BRDA:1068,143,1,22
BRDA:1097,144,0,1
BRDA:1097,144,1,6
BRDA:1099,145,0,6
BRDA:1099,145,1,1
BRDA:1101,146,0,6
BRDA:1101,146,1,2
BRDA:1103,147,0,6
BRDA:1103,147,1,3
BRDA:1106,148,0,6
BRDA:1106,148,1,1
BRDA:1108,149,0,1
BRDA:1108,149,1,5
BRDA:1110,150,0,1
BRDA:1110,150,1,4
BRDA:1112,151,0,1
BRDA:1112,151,1,3
BRDA:1114,152,0,1
BRDA:1114,152,1,2
BRDA:1116,153,0,1
BRDA:1116,153,1,1
BRDA:1124,154,0,1
BRDA:1124,154,1,0
BRF:310
BRH:244
end_of_record
TN:
SF:src\model\observer.ts
FN:6,(anonymous_0)
FN:10,(anonymous_1)
FN:11,(anonymous_2)
FNF:3
FNH:1
FNDA:0,(anonymous_0)
FNDA:25,(anonymous_1)
FNDA:0,(anonymous_2)
DA:4,1
DA:6,1
DA:7,0
DA:10,1
DA:11,25
LF:5
LH:4
BRF:0
BRH:0
end_of_record
