TN:
SF:src\model\model.ts
FN:112,(anonymous_0)
FN:138,(anonymous_1)
FN:151,(anonymous_2)
FN:157,(anonymous_3)
FN:204,(anonymous_4)
FN:250,(anonymous_5)
FN:266,(anonymous_6)
FN:277,(anonymous_7)
FN:288,(anonymous_8)
FN:309,(anonymous_9)
FN:346,(anonymous_10)
FN:363,(anonymous_11)
FN:426,(anonymous_12)
FN:436,(anonymous_13)
FN:447,(anonymous_14)
FN:460,(anonymous_15)
FN:475,(anonymous_16)
FN:493,(anonymous_17)
FN:521,(anonymous_18)
FN:539,(anonymous_19)
FN:563,(anonymous_20)
FN:603,(anonymous_21)
FN:622,(anonymous_22)
FN:680,(anonymous_23)
FN:691,(anonymous_24)
FN:705,(anonymous_25)
FN:720,(anonymous_26)
FN:751,(anonymous_27)
FN:764,(anonymous_28)
FN:829,(anonymous_29)
FN:839,(anonymous_30)
FN:860,(anonymous_31)
FN:874,(anonymous_32)
FN:882,(anonymous_33)
FN:890,(anonymous_34)
FN:903,(anonymous_35)
FN:908,(anonymous_36)
FN:924,(anonymous_37)
FN:929,(anonymous_38)
FN:934,(anonymous_39)
FN:940,(anonymous_40)
FN:946,(anonymous_41)
FN:952,(anonymous_42)
FN:958,(anonymous_43)
FN:965,(anonymous_44)
FN:972,(anonymous_45)
FN:979,(anonymous_46)
FN:986,(anonymous_47)
FN:991,(anonymous_48)
FN:996,(anonymous_49)
FN:1012,(anonymous_50)
FN:1018,(anonymous_51)
FN:1024,(anonymous_52)
FN:1037,(anonymous_53)
FN:1048,(anonymous_54)
FN:1053,(anonymous_55)
FN:1075,(anonymous_56)
FN:1094,(anonymous_57)
FN:1098,(anonymous_58)
FN:1125,(anonymous_59)
FNF:60
FNH:42
FNDA:1,(anonymous_0)
FNDA:1,(anonymous_1)
FNDA:1,(anonymous_2)
FNDA:8,(anonymous_3)
FNDA:7,(anonymous_4)
FNDA:1,(anonymous_5)
FNDA:1,(anonymous_6)
FNDA:1,(anonymous_7)
FNDA:2,(anonymous_8)
FNDA:1,(anonymous_9)
FNDA:0,(anonymous_10)
FNDA:1,(anonymous_11)
FNDA:0,(anonymous_12)
FNDA:0,(anonymous_13)
FNDA:0,(anonymous_14)
FNDA:1,(anonymous_15)
FNDA:1,(anonymous_16)
FNDA:1,(anonymous_17)
FNDA:4,(anonymous_18)
FNDA:1,(anonymous_19)
FNDA:1,(anonymous_20)
FNDA:0,(anonymous_21)
FNDA:1,(anonymous_22)
FNDA:0,(anonymous_23)
FNDA:0,(anonymous_24)
FNDA:1,(anonymous_25)
FNDA:1,(anonymous_26)
FNDA:4,(anonymous_27)
FNDA:1,(anonymous_28)
FNDA:1,(anonymous_29)
FNDA:1,(anonymous_30)
FNDA:1,(anonymous_31)
FNDA:8,(anonymous_32)
FNDA:8,(anonymous_33)
FNDA:7,(anonymous_34)
FNDA:1,(anonymous_35)
FNDA:2,(anonymous_36)
FNDA:1,(anonymous_37)
FNDA:0,(anonymous_38)
FNDA:0,(anonymous_39)
FNDA:0,(anonymous_40)
FNDA:0,(anonymous_41)
FNDA:0,(anonymous_42)
FNDA:0,(anonymous_43)
FNDA:0,(anonymous_44)
FNDA:0,(anonymous_45)
FNDA:0,(anonymous_46)
FNDA:1,(anonymous_47)
FNDA:0,(anonymous_48)
FNDA:5,(anonymous_49)
FNDA:0,(anonymous_50)
FNDA:1,(anonymous_51)
FNDA:5,(anonymous_52)
FNDA:7,(anonymous_53)
FNDA:1,(anonymous_54)
FNDA:7,(anonymous_55)
FNDA:1,(anonymous_56)
FNDA:1,(anonymous_57)
FNDA:1,(anonymous_58)
FNDA:1,(anonymous_59)
DA:18,1
DA:20,1
DA:22,1
DA:24,1
DA:26,1
DA:28,1
DA:30,1
DA:32,1
DA:34,1
DA:36,1
DA:38,1
DA:40,1
DA:42,1
DA:44,1
DA:46,1
DA:48,1
DA:50,1
DA:52,1
DA:54,1
DA:56,1
DA:58,1
DA:60,1
DA:62,1
DA:64,1
DA:66,1
DA:68,1
DA:70,1
DA:72,1
DA:74,1
DA:76,1
DA:78,1
DA:80,1
DA:82,1
DA:84,1
DA:86,1
DA:88,1
DA:90,1
DA:92,1
DA:94,1
DA:96,1
DA:98,1
DA:100,1
DA:102,1
DA:104,1
DA:106,1
DA:108,1
DA:110,1
DA:113,1
DA:115,1
DA:116,1
DA:133,1
DA:135,1
DA:138,1
DA:139,1
DA:140,1
DA:141,1
DA:142,1
DA:143,1
DA:144,1
DA:145,1
DA:146,1
DA:147,1
DA:148,1
DA:151,1
DA:152,1
DA:157,1
DA:158,8
DA:201,8
DA:204,1
DA:205,7
DA:206,7
DA:208,7
DA:211,7
DA:212,2
DA:213,2
DA:215,2
DA:216,2
DA:219,7
DA:220,2
DA:223,7
DA:224,1
DA:227,7
DA:228,1
DA:231,7
DA:233,7
DA:234,2
DA:237,7
DA:238,2
DA:241,7
DA:242,2
DA:245,7
DA:246,1
DA:250,1
DA:251,1
DA:252,1
DA:253,1
DA:255,1
DA:257,1
DA:260,1
DA:261,1
DA:262,1
DA:263,1
DA:266,1
DA:267,1
DA:268,1
DA:270,1
DA:273,1
DA:274,1
DA:277,1
DA:278,1
DA:279,1
DA:281,1
DA:284,1
DA:285,1
DA:288,1
DA:289,2
DA:291,2
DA:293,1
DA:294,1
DA:296,1
DA:297,1
DA:300,1
DA:301,1
DA:304,1
DA:306,1
DA:309,1
DA:313,1
DA:315,1
DA:317,1
DA:318,1
DA:320,1
DA:321,0
DA:324,1
DA:325,0
DA:328,1
DA:330,1
DA:331,0
DA:333,1
DA:334,1
DA:335,1
DA:338,1
DA:339,1
DA:340,1
DA:341,1
DA:343,1
DA:346,1
DA:347,0
DA:349,0
DA:351,0
DA:354,0
DA:355,0
DA:356,0
DA:357,0
DA:358,0
DA:359,0
DA:363,1
DA:364,1
DA:366,1
DA:367,1
DA:369,1
DA:370,0
DA:373,1
DA:374,0
DA:377,1
DA:379,1
DA:381,1
DA:383,1
DA:386,1
DA:390,1
DA:393,1
DA:395,1
DA:397,1
DA:399,1
DA:400,0
DA:401,0
DA:403,0
DA:405,0
DA:406,0
DA:407,0
DA:408,0
DA:410,0
DA:411,0
DA:413,1
DA:414,0
DA:415,0
DA:418,1
DA:419,1
DA:420,1
DA:421,1
DA:423,1
DA:426,1
DA:427,0
DA:430,0
DA:431,0
DA:432,0
DA:436,1
DA:437,0
DA:439,0
DA:441,0
DA:442,0
DA:443,0
DA:447,1
DA:448,0
DA:450,0
DA:454,0
DA:455,0
DA:456,0
DA:460,1
DA:461,1
DA:463,1
DA:465,1
DA:467,1
DA:468,1
DA:469,1
DA:470,1
DA:472,1
DA:475,1
DA:476,1
DA:478,1
DA:481,1
DA:483,0
DA:485,0
DA:486,0
DA:487,0
DA:488,0
DA:490,0
DA:493,1
DA:494,1
DA:495,1
DA:496,1
DA:498,1
DA:500,1
DA:502,0
DA:504,0
DA:505,0
DA:506,0
DA:507,0
DA:508,0
DA:509,0
DA:512,0
DA:513,0
DA:514,0
DA:515,0
DA:516,0
DA:518,0
DA:521,1
DA:522,4
DA:524,4
DA:526,4
DA:529,4
DA:530,0
DA:531,4
DA:532,0
DA:534,4
DA:535,0
DA:539,1
DA:540,1
DA:542,1
DA:545,1
DA:547,1
DA:548,1
DA:550,1
DA:551,0
DA:554,1
DA:555,0
DA:558,1
DA:560,1
DA:563,1
DA:567,1
DA:569,1
DA:572,1
DA:574,1
DA:575,1
DA:577,1
DA:578,0
DA:581,1
DA:582,0
DA:585,1
DA:587,1
DA:588,0
DA:590,1
DA:591,1
DA:592,1
DA:595,1
DA:596,1
DA:597,1
DA:598,1
DA:600,1
DA:603,1
DA:604,0
DA:606,0
DA:608,0
DA:610,0
DA:613,0
DA:614,0
DA:615,0
DA:616,0
DA:617,0
DA:618,0
DA:622,1
DA:623,1
DA:626,1
DA:628,1
DA:629,1
DA:631,1
DA:632,0
DA:635,1
DA:636,0
DA:639,1
DA:640,1
DA:642,1
DA:644,1
DA:646,1
DA:648,1
DA:652,1
DA:654,1
DA:655,0
DA:656,0
DA:658,0
DA:659,0
DA:660,0
DA:661,0
DA:663,0
DA:665,0
DA:667,1
DA:668,0
DA:669,0
DA:672,1
DA:673,1
DA:674,1
DA:675,1
DA:677,1
DA:680,1
DA:681,0
DA:685,0
DA:686,0
DA:687,0
DA:691,1
DA:692,0
DA:694,0
DA:696,0
DA:699,0
DA:700,0
DA:701,0
DA:705,1
DA:706,1
DA:708,1
DA:710,1
DA:712,1
DA:713,1
DA:714,1
DA:715,1
DA:717,1
DA:720,1
DA:721,1
DA:723,1
DA:724,1
DA:725,1
DA:727,1
DA:730,1
DA:732,0
DA:734,0
DA:735,0
DA:736,0
DA:737,0
DA:738,0
DA:739,0
DA:742,0
DA:743,0
DA:744,0
DA:745,0
DA:746,0
DA:748,0
DA:751,1
DA:752,4
DA:754,4
DA:757,4
DA:758,0
DA:759,4
DA:760,0
DA:764,1
DA:773,1
DA:775,1
DA:778,1
DA:780,1
DA:781,1
DA:783,1
DA:784,0
DA:787,1
DA:788,0
DA:791,1
DA:793,1
DA:797,1
DA:800,1
DA:802,1
DA:804,1
DA:806,1
DA:809,1
DA:810,1
DA:812,1
DA:813,1
DA:815,1
DA:816,0
DA:817,0
DA:819,0
DA:822,1
DA:823,1
DA:824,1
DA:826,1
DA:829,1
DA:830,1
DA:832,1
DA:833,0
DA:835,1
DA:839,1
DA:840,1
DA:841,1
DA:842,1
DA:843,1
DA:844,1
DA:845,1
DA:846,1
DA:847,1
DA:848,1
DA:849,1
DA:850,1
DA:851,1
DA:852,1
DA:853,1
DA:854,1
DA:855,1
DA:856,1
DA:857,1
DA:860,1
DA:861,1
DA:862,1
DA:864,1
DA:865,1
DA:867,1
DA:868,1
DA:870,1
DA:874,1
DA:875,8
DA:877,8
DA:879,8
DA:882,1
DA:883,8
DA:885,8
DA:887,8
DA:890,1
DA:891,7
DA:894,7
DA:895,7
DA:899,7
DA:900,7
DA:903,1
DA:904,1
DA:905,1
DA:908,1
DA:909,2
DA:911,2
DA:913,2
DA:915,2
DA:917,2
DA:919,2
DA:921,2
DA:924,1
DA:925,1
DA:926,1
DA:929,1
DA:930,0
DA:931,0
DA:934,1
DA:935,0
DA:937,0
DA:940,1
DA:941,0
DA:943,0
DA:946,1
DA:947,0
DA:949,0
DA:952,1
DA:953,0
DA:955,0
DA:958,1
DA:959,0
DA:960,0
DA:962,0
DA:965,1
DA:966,0
DA:967,0
DA:969,0
DA:972,1
DA:973,0
DA:974,0
DA:976,0
DA:979,1
DA:980,0
DA:981,0
DA:983,0
DA:986,1
DA:987,1
DA:988,1
DA:991,1
DA:992,0
DA:993,0
DA:996,1
DA:997,5
DA:998,5
DA:999,5
DA:1001,5
DA:1002,0
DA:1003,5
DA:1004,0
DA:1005,5
DA:1006,0
DA:1009,5
DA:1012,1
DA:1013,0
DA:1015,0
DA:1018,1
DA:1019,1
DA:1021,1
DA:1024,1
DA:1025,5
DA:1026,5
DA:1028,5
DA:1029,0
DA:1030,5
DA:1031,0
DA:1034,5
DA:1037,1
DA:1038,7
DA:1040,7
DA:1042,7
DA:1044,2
DA:1045,2
DA:1048,1
DA:1049,1
DA:1050,1
DA:1053,1
DA:1054,7
DA:1055,7
DA:1057,7
DA:1059,7
DA:1061,7
DA:1064,7
DA:1065,5
DA:1068,7
DA:1069,5
DA:1070,2
DA:1071,2
DA:1075,1
DA:1076,1
DA:1078,1
DA:1081,1
DA:1084,1
DA:1086,1
DA:1087,4
DA:1090,4
DA:1094,1
DA:1095,1
DA:1098,1
DA:1099,1
DA:1101,1
DA:1103,1
DA:1105,1
DA:1107,1
DA:1108,1
DA:1110,1
DA:1111,0
DA:1112,1
DA:1113,0
DA:1114,1
DA:1115,0
DA:1116,1
DA:1117,0
DA:1118,1
DA:1119,0
DA:1121,1
DA:1125,1
DA:1126,1
DA:1128,1
LF:583
LH:428
BRDA:32,0,0,0
BRDA:32,0,1,1
BRDA:34,1,0,0
BRDA:34,1,1,1
BRDA:50,2,0,0
BRDA:50,2,1,1
BRDA:54,3,0,0
BRDA:54,3,1,1
BRDA:205,4,0,7
BRDA:205,4,1,3
BRDA:206,5,0,7
BRDA:206,5,1,5
BRDA:208,6,0,7
BRDA:208,6,1,2
BRDA:211,7,0,2
BRDA:211,7,1,5
BRDA:219,8,0,2
BRDA:219,8,1,5
BRDA:223,9,0,1
BRDA:223,9,1,6
BRDA:227,10,0,1
BRDA:227,10,1,6
BRDA:233,11,0,2
BRDA:233,11,1,5
BRDA:237,12,0,2
BRDA:237,12,1,5
BRDA:241,13,0,2
BRDA:241,13,1,5
BRDA:245,14,0,1
BRDA:245,14,1,6
BRDA:291,15,0,1
BRDA:291,15,1,1
BRDA:296,16,0,1
BRDA:296,16,1,0
BRDA:300,17,0,1
BRDA:300,17,1,0
BRDA:304,18,0,0
BRDA:304,18,1,1
BRDA:313,19,0,0
BRDA:313,19,1,1
BRDA:315,20,0,0
BRDA:315,20,1,1
BRDA:320,21,0,0
BRDA:320,21,1,1
BRDA:324,22,0,0
BRDA:324,22,1,1
BRDA:328,23,0,0
BRDA:328,23,1,1
BRDA:330,24,0,0
BRDA:330,24,1,1
BRDA:347,25,0,0
BRDA:347,25,1,0
BRDA:354,26,0,0
BRDA:354,26,1,0
BRDA:357,27,0,0
BRDA:357,27,1,0
BRDA:364,28,0,0
BRDA:364,28,1,1
BRDA:369,29,0,0
BRDA:369,29,1,1
BRDA:373,30,0,0
BRDA:373,30,1,1
BRDA:377,31,0,0
BRDA:377,31,1,1
BRDA:383,32,0,0
BRDA:383,32,1,1
BRDA:386,33,0,1
BRDA:386,33,1,0
BRDA:393,34,0,1
BRDA:393,34,1,0
BRDA:397,35,0,1
BRDA:397,35,1,1
BRDA:399,36,0,0
BRDA:399,36,1,1
BRDA:400,37,0,0
BRDA:400,37,1,0
BRDA:407,38,0,0
BRDA:407,38,1,0
BRDA:413,39,0,0
BRDA:413,39,1,1
BRDA:427,40,0,0
BRDA:427,40,1,0
BRDA:430,41,0,0
BRDA:430,41,1,0
BRDA:437,42,0,0
BRDA:437,42,1,0
BRDA:441,43,0,0
BRDA:441,43,1,0
BRDA:448,44,0,0
BRDA:448,44,1,0
BRDA:450,45,0,0
BRDA:450,45,1,0
BRDA:454,46,0,0
BRDA:454,46,1,0
BRDA:461,47,0,0
BRDA:461,47,1,1
BRDA:463,48,0,0
BRDA:463,48,1,1
BRDA:476,49,0,0
BRDA:476,49,1,1
BRDA:478,50,0,1
BRDA:478,50,1,1
BRDA:481,51,0,1
BRDA:481,51,1,0
BRDA:494,52,0,0
BRDA:494,52,1,1
BRDA:495,53,0,0
BRDA:495,53,1,1
BRDA:498,54,0,1
BRDA:498,54,1,0
BRDA:500,55,0,1
BRDA:500,55,1,0
BRDA:502,56,0,0
BRDA:502,56,1,0
BRDA:504,57,0,0
BRDA:504,57,1,0
BRDA:506,58,0,0
BRDA:506,58,1,0
BRDA:507,59,0,0
BRDA:507,59,1,0
BRDA:509,60,0,0
BRDA:509,60,1,0
BRDA:516,61,0,0
BRDA:516,61,1,0
BRDA:526,62,0,4
BRDA:526,62,1,4
BRDA:529,63,0,0
BRDA:529,63,1,4
BRDA:531,64,0,0
BRDA:531,64,1,4
BRDA:534,65,0,0
BRDA:534,65,1,4
BRDA:540,66,0,0
BRDA:540,66,1,1
BRDA:542,67,0,1
BRDA:542,67,1,1
BRDA:545,68,0,0
BRDA:545,68,1,1
BRDA:550,69,0,0
BRDA:550,69,1,1
BRDA:554,70,0,0
BRDA:554,70,1,1
BRDA:558,71,0,0
BRDA:558,71,1,1
BRDA:567,72,0,0
BRDA:567,72,1,1
BRDA:569,73,0,1
BRDA:569,73,1,1
BRDA:572,74,0,0
BRDA:572,74,1,1
BRDA:577,75,0,0
BRDA:577,75,1,1
BRDA:581,76,0,0
BRDA:581,76,1,1
BRDA:585,77,0,0
BRDA:585,77,1,1
BRDA:587,78,0,0
BRDA:587,78,1,1
BRDA:604,79,0,0
BRDA:604,79,1,0
BRDA:606,80,0,0
BRDA:606,80,1,0
BRDA:613,81,0,0
BRDA:613,81,1,0
BRDA:616,82,0,0
BRDA:616,82,1,0
BRDA:623,83,0,1
BRDA:623,83,1,1
BRDA:626,84,0,0
BRDA:626,84,1,1
BRDA:631,85,0,0
BRDA:631,85,1,1
BRDA:635,86,0,0
BRDA:635,86,1,1
BRDA:639,87,0,0
BRDA:639,87,1,1
BRDA:644,88,0,0
BRDA:644,88,1,1
BRDA:648,89,0,1
BRDA:648,89,1,0
BRDA:652,90,0,1
BRDA:652,90,1,1
BRDA:654,91,0,0
BRDA:654,91,1,1
BRDA:655,92,0,0
BRDA:655,92,1,0
BRDA:660,93,0,0
BRDA:660,93,1,0
BRDA:667,94,0,0
BRDA:667,94,1,1
BRDA:681,95,0,0
BRDA:681,95,1,0
BRDA:685,96,0,0
BRDA:685,96,1,0
BRDA:692,97,0,0
BRDA:692,97,1,0
BRDA:694,98,0,0
BRDA:694,98,1,0
BRDA:699,99,0,0
BRDA:699,99,1,0
BRDA:706,100,0,0
BRDA:706,100,1,1
BRDA:708,101,0,0
BRDA:708,101,1,1
BRDA:721,102,0,1
BRDA:721,102,1,0
BRDA:723,103,0,0
BRDA:723,103,1,1
BRDA:724,104,0,0
BRDA:724,104,1,1
BRDA:727,105,0,1
BRDA:727,105,1,0
BRDA:730,106,0,1
BRDA:730,106,1,0
BRDA:732,107,0,0
BRDA:732,107,1,0
BRDA:734,108,0,0
BRDA:734,108,1,0
BRDA:736,109,0,0
BRDA:736,109,1,0
BRDA:737,110,0,0
BRDA:737,110,1,0
BRDA:739,111,0,0
BRDA:739,111,1,0
BRDA:746,112,0,0
BRDA:746,112,1,0
BRDA:757,113,0,0
BRDA:757,113,1,4
BRDA:759,114,0,0
BRDA:759,114,1,4
BRDA:773,115,0,0
BRDA:773,115,1,1
BRDA:775,116,0,1
BRDA:775,116,1,1
BRDA:778,117,0,0
BRDA:778,117,1,1
BRDA:783,118,0,0
BRDA:783,118,1,1
BRDA:787,119,0,0
BRDA:787,119,1,1
BRDA:791,120,0,0
BRDA:791,120,1,1
BRDA:793,121,0,1
BRDA:793,121,1,0
BRDA:800,122,0,1
BRDA:800,122,1,0
BRDA:806,123,0,1
BRDA:806,123,1,1
BRDA:809,124,0,1
BRDA:809,124,1,1
BRDA:810,125,0,1
BRDA:810,125,1,1
BRDA:812,126,0,1
BRDA:812,126,1,0
BRDA:816,127,0,0
BRDA:816,127,1,0
BRDA:832,128,0,0
BRDA:832,128,1,1
BRDA:848,129,0,0
BRDA:848,129,1,1
BRDA:849,130,0,0
BRDA:849,130,1,1
BRDA:855,131,0,0
BRDA:855,131,1,1
BRDA:857,132,0,0
BRDA:857,132,1,1
BRDA:867,133,0,1
BRDA:867,133,1,0
BRDA:868,134,0,1
BRDA:868,134,1,0
BRDA:870,135,0,0
BRDA:870,135,1,1
BRDA:877,136,0,0
BRDA:877,136,1,8
BRDA:885,137,0,0
BRDA:885,137,1,8
BRDA:894,138,0,7
BRDA:894,138,1,0
BRDA:915,139,0,0
BRDA:915,139,1,2
BRDA:998,140,0,5
BRDA:998,140,1,5
BRDA:1001,141,0,0
BRDA:1001,141,1,5
BRDA:1003,142,0,0
BRDA:1003,142,1,5
BRDA:1005,143,0,0
BRDA:1005,143,1,5
BRDA:1028,144,0,0
BRDA:1028,144,1,5
BRDA:1030,145,0,0
BRDA:1030,145,1,5
BRDA:1040,146,0,7
BRDA:1040,146,1,2
BRDA:1042,147,0,5
BRDA:1042,147,1,2
BRDA:1061,148,0,7
BRDA:1061,148,1,7
BRDA:1064,149,0,5
BRDA:1064,149,1,2
BRDA:1068,150,0,5
BRDA:1068,150,1,2
BRDA:1070,151,0,2
BRDA:1070,151,1,0
BRDA:1099,152,0,0
BRDA:1099,152,1,1
BRDA:1101,153,0,1
BRDA:1101,153,1,0
BRDA:1103,154,0,1
BRDA:1103,154,1,0
BRDA:1105,155,0,1
BRDA:1105,155,1,0
BRDA:1108,156,0,1
BRDA:1108,156,1,0
BRDA:1110,157,0,0
BRDA:1110,157,1,1
BRDA:1112,158,0,0
BRDA:1112,158,1,1
BRDA:1114,159,0,0
BRDA:1114,159,1,1
BRDA:1116,160,0,0
BRDA:1116,160,1,1
BRDA:1118,161,0,0
BRDA:1118,161,1,1
BRDA:1126,162,0,1
BRDA:1126,162,1,0
BRF:326
BRH:156
end_of_record
TN:
SF:src\model\observer.ts
FN:6,(anonymous_0)
FN:10,(anonymous_1)
FN:11,(anonymous_2)
FNF:3
FNH:1
FNDA:0,(anonymous_0)
FNDA:7,(anonymous_1)
FNDA:0,(anonymous_2)
DA:4,1
DA:6,1
DA:7,0
DA:10,1
DA:11,7
LF:5
LH:4
BRF:0
BRH:0
end_of_record
